{"C:\\Users\\ASUS\\Documents\\gardenia-fox\\PHASE-3\\WEEK-3\\Final-Project\\Server\\app.js": {"path":"C:\\Users\\ASUS\\Documents\\gardenia-fox\\PHASE-3\\WEEK-3\\Final-Project\\Server\\app.js","statementMap":{"0":{"start":{"line":1,"column":16},"end":{"line":1,"column":34}},"1":{"start":{"line":2,"column":12},"end":{"line":2,"column":21}},"2":{"start":{"line":3,"column":13},"end":{"line":3,"column":28}},"3":{"start":{"line":4,"column":13},"end":{"line":4,"column":37}},"4":{"start":{"line":5,"column":15},"end":{"line":5,"column":35}},"5":{"start":{"line":6,"column":21},"end":{"line":6,"column":58}},"6":{"start":{"line":7,"column":0},"end":{"line":7,"column":24}},"7":{"start":{"line":9,"column":0},"end":{"line":9,"column":48}},"8":{"start":{"line":10,"column":0},"end":{"line":10,"column":30}},"9":{"start":{"line":11,"column":0},"end":{"line":11,"column":16}},"10":{"start":{"line":12,"column":0},"end":{"line":12,"column":24}},"11":{"start":{"line":13,"column":0},"end":{"line":13,"column":16}},"12":{"start":{"line":14,"column":0},"end":{"line":14,"column":22}},"13":{"start":{"line":18,"column":0},"end":{"line":18,"column":21}}},"fnMap":{},"branchMap":{"0":{"loc":{"start":{"line":4,"column":13},"end":{"line":4,"column":37}},"type":"binary-expr","locations":[{"start":{"line":4,"column":13},"end":{"line":4,"column":29}},{"start":{"line":4,"column":33},"end":{"line":4,"column":37}}],"line":4}},"s":{"0":1,"1":1,"2":1,"3":1,"4":1,"5":1,"6":1,"7":1,"8":1,"9":1,"10":1,"11":1,"12":1,"13":1},"f":{},"b":{"0":[1,1]},"_coverageSchema":"1a1c01bbd47fc00a2c39e90264f33305004495a9","hash":"b1164039307a1a4eff53f704768af5103ff01095"}
,"C:\\Users\\ASUS\\Documents\\gardenia-fox\\PHASE-3\\WEEK-3\\Final-Project\\Server\\connection\\index.js": {"path":"C:\\Users\\ASUS\\Documents\\gardenia-fox\\PHASE-3\\WEEK-3\\Final-Project\\Server\\connection\\index.js","statementMap":{"0":{"start":{"line":1,"column":17},"end":{"line":1,"column":36}},"1":{"start":{"line":2,"column":0},"end":{"line":4,"column":1}},"2":{"start":{"line":3,"column":2},"end":{"line":3,"column":29}},"3":{"start":{"line":6,"column":14},"end":{"line":12,"column":35}},"4":{"start":{"line":11,"column":14},"end":{"line":11,"column":47}},"5":{"start":{"line":12,"column":18},"end":{"line":12,"column":34}},"6":{"start":{"line":14,"column":0},"end":{"line":14,"column":25}}},"fnMap":{"0":{"name":"(anonymous_0)","decl":{"start":{"line":11,"column":8},"end":{"line":11,"column":9}},"loc":{"start":{"line":11,"column":14},"end":{"line":11,"column":47}},"line":11},"1":{"name":"(anonymous_1)","decl":{"start":{"line":12,"column":9},"end":{"line":12,"column":10}},"loc":{"start":{"line":12,"column":18},"end":{"line":12,"column":34}},"line":12}},"branchMap":{"0":{"loc":{"start":{"line":2,"column":0},"end":{"line":4,"column":1}},"type":"if","locations":[{"start":{"line":2,"column":0},"end":{"line":4,"column":1}},{"start":{},"end":{}}],"line":2}},"s":{"0":1,"1":1,"2":1,"3":1,"4":1,"5":0,"6":1},"f":{"0":1,"1":0},"b":{"0":[1,0]},"_coverageSchema":"1a1c01bbd47fc00a2c39e90264f33305004495a9","hash":"2db7b27b115b9f2c91b9f606af3ed7383d5c57a8"}
,"C:\\Users\\ASUS\\Documents\\gardenia-fox\\PHASE-3\\WEEK-3\\Final-Project\\Server\\controllers\\StudentController.js": {"path":"C:\\Users\\ASUS\\Documents\\gardenia-fox\\PHASE-3\\WEEK-3\\Final-Project\\Server\\controllers\\StudentController.js","statementMap":{"0":{"start":{"line":1,"column":33},"end":{"line":1,"column":64}},"1":{"start":{"line":2,"column":0},"end":{"line":4,"column":1}},"2":{"start":{"line":3,"column":2},"end":{"line":3,"column":29}},"3":{"start":{"line":5,"column":19},"end":{"line":5,"column":71}},"4":{"start":{"line":6,"column":15},"end":{"line":6,"column":43}},"5":{"start":{"line":7,"column":13},"end":{"line":7,"column":39}},"6":{"start":{"line":8,"column":14},"end":{"line":8,"column":41}},"7":{"start":{"line":9,"column":13},"end":{"line":9,"column":38}},"8":{"start":{"line":10,"column":25},"end":{"line":10,"column":55}},"9":{"start":{"line":11,"column":19},"end":{"line":11,"column":50}},"10":{"start":{"line":12,"column":14},"end":{"line":12,"column":40}},"11":{"start":{"line":13,"column":22},"end":{"line":13,"column":56}},"12":{"start":{"line":14,"column":21},"end":{"line":14,"column":39}},"13":{"start":{"line":15,"column":19},"end":{"line":15,"column":51}},"14":{"start":{"line":16,"column":30},"end":{"line":16,"column":49}},"15":{"start":{"line":18,"column":15},"end":{"line":18,"column":51}},"16":{"start":{"line":20,"column":0},"end":{"line":259,"column":2}},"17":{"start":{"line":22,"column":4},"end":{"line":28,"column":5}},"18":{"start":{"line":23,"column":20},"end":{"line":23,"column":38}},"19":{"start":{"line":25,"column":6},"end":{"line":25,"column":36}},"20":{"start":{"line":27,"column":6},"end":{"line":27,"column":16}},"21":{"start":{"line":31,"column":4},"end":{"line":52,"column":5}},"22":{"start":{"line":32,"column":6},"end":{"line":32,"column":28}},"23":{"start":{"line":33,"column":22},"end":{"line":33,"column":38}},"24":{"start":{"line":35,"column":22},"end":{"line":41,"column":7}},"25":{"start":{"line":43,"column":23},"end":{"line":43,"column":58}},"26":{"start":{"line":45,"column":19},"end":{"line":45,"column":49}},"27":{"start":{"line":47,"column":29},"end":{"line":47,"column":45}},"28":{"start":{"line":49,"column":6},"end":{"line":49,"column":43}},"29":{"start":{"line":51,"column":6},"end":{"line":51,"column":16}},"30":{"start":{"line":56,"column":4},"end":{"line":82,"column":5}},"31":{"start":{"line":57,"column":32},"end":{"line":57,"column":40}},"32":{"start":{"line":59,"column":6},"end":{"line":61,"column":7}},"33":{"start":{"line":60,"column":8},"end":{"line":60,"column":63}},"34":{"start":{"line":63,"column":17},"end":{"line":63,"column":46}},"35":{"start":{"line":64,"column":6},"end":{"line":66,"column":7}},"36":{"start":{"line":65,"column":8},"end":{"line":65,"column":54}},"37":{"start":{"line":68,"column":6},"end":{"line":70,"column":7}},"38":{"start":{"line":69,"column":8},"end":{"line":69,"column":53}},"39":{"start":{"line":71,"column":18},"end":{"line":71,"column":54}},"40":{"start":{"line":73,"column":6},"end":{"line":75,"column":7}},"41":{"start":{"line":74,"column":8},"end":{"line":74,"column":54}},"42":{"start":{"line":77,"column":25},"end":{"line":77,"column":55}},"43":{"start":{"line":79,"column":6},"end":{"line":79,"column":62}},"44":{"start":{"line":81,"column":6},"end":{"line":81,"column":16}},"45":{"start":{"line":86,"column":20},"end":{"line":86,"column":49}},"46":{"start":{"line":87,"column":4},"end":{"line":131,"column":5}},"47":{"start":{"line":88,"column":6},"end":{"line":88,"column":33}},"48":{"start":{"line":89,"column":56},"end":{"line":89,"column":64}},"49":{"start":{"line":91,"column":6},"end":{"line":93,"column":7}},"50":{"start":{"line":92,"column":8},"end":{"line":92,"column":64}},"51":{"start":{"line":97,"column":17},"end":{"line":104,"column":8}},"52":{"start":{"line":107,"column":28},"end":{"line":109,"column":8}},"53":{"start":{"line":111,"column":6},"end":{"line":111,"column":79}},"54":{"start":{"line":112,"column":24},"end":{"line":120,"column":7}},"55":{"start":{"line":122,"column":25},"end":{"line":122,"column":66}},"56":{"start":{"line":124,"column":6},"end":{"line":124,"column":40}},"57":{"start":{"line":125,"column":6},"end":{"line":125,"column":27}},"58":{"start":{"line":126,"column":6},"end":{"line":126,"column":73}},"59":{"start":{"line":128,"column":6},"end":{"line":128,"column":39}},"60":{"start":{"line":129,"column":6},"end":{"line":129,"column":27}},"61":{"start":{"line":130,"column":6},"end":{"line":130,"column":16}},"62":{"start":{"line":135,"column":4},"end":{"line":162,"column":5}},"63":{"start":{"line":136,"column":21},"end":{"line":136,"column":59}},"64":{"start":{"line":138,"column":21},"end":{"line":141,"column":8}},"65":{"start":{"line":142,"column":22},"end":{"line":142,"column":41}},"66":{"start":{"line":144,"column":21},"end":{"line":153,"column":8}},"67":{"start":{"line":154,"column":32},"end":{"line":156,"column":7}},"68":{"start":{"line":158,"column":27},"end":{"line":158,"column":57}},"69":{"start":{"line":159,"column":6},"end":{"line":159,"column":51}},"70":{"start":{"line":161,"column":6},"end":{"line":161,"column":16}},"71":{"start":{"line":166,"column":4},"end":{"line":181,"column":5}},"72":{"start":{"line":167,"column":6},"end":{"line":167,"column":28}},"73":{"start":{"line":168,"column":18},"end":{"line":171,"column":8}},"74":{"start":{"line":173,"column":21},"end":{"line":176,"column":8}},"75":{"start":{"line":174,"column":8},"end":{"line":174,"column":32}},"76":{"start":{"line":175,"column":8},"end":{"line":175,"column":18}},"77":{"start":{"line":178,"column":6},"end":{"line":178,"column":37}},"78":{"start":{"line":180,"column":6},"end":{"line":180,"column":16}},"79":{"start":{"line":185,"column":4},"end":{"line":193,"column":5}},"80":{"start":{"line":186,"column":17},"end":{"line":186,"column":77}},"81":{"start":{"line":187,"column":6},"end":{"line":187,"column":55}},"82":{"start":{"line":188,"column":6},"end":{"line":188,"column":32}},"83":{"start":{"line":190,"column":6},"end":{"line":190,"column":33}},"84":{"start":{"line":192,"column":6},"end":{"line":192,"column":16}},"85":{"start":{"line":197,"column":4},"end":{"line":207,"column":5}},"86":{"start":{"line":198,"column":20},"end":{"line":198,"column":34}},"87":{"start":{"line":199,"column":6},"end":{"line":199,"column":27}},"88":{"start":{"line":200,"column":24},"end":{"line":202,"column":28}},"89":{"start":{"line":204,"column":6},"end":{"line":204,"column":39}},"90":{"start":{"line":206,"column":6},"end":{"line":206,"column":16}},"91":{"start":{"line":211,"column":4},"end":{"line":221,"column":5}},"92":{"start":{"line":212,"column":16},"end":{"line":212,"column":29}},"93":{"start":{"line":213,"column":27},"end":{"line":216,"column":31}},"94":{"start":{"line":218,"column":6},"end":{"line":218,"column":43}},"95":{"start":{"line":220,"column":6},"end":{"line":220,"column":16}},"96":{"start":{"line":225,"column":4},"end":{"line":237,"column":5}},"97":{"start":{"line":226,"column":16},"end":{"line":226,"column":28}},"98":{"start":{"line":227,"column":6},"end":{"line":229,"column":7}},"99":{"start":{"line":228,"column":8},"end":{"line":228,"column":51}},"100":{"start":{"line":231,"column":27},"end":{"line":231,"column":69}},"101":{"start":{"line":234,"column":6},"end":{"line":234,"column":43}},"102":{"start":{"line":236,"column":6},"end":{"line":236,"column":16}},"103":{"start":{"line":241,"column":4},"end":{"line":257,"column":5}},"104":{"start":{"line":242,"column":16},"end":{"line":242,"column":29}},"105":{"start":{"line":245,"column":6},"end":{"line":247,"column":7}},"106":{"start":{"line":246,"column":8},"end":{"line":246,"column":51}},"107":{"start":{"line":249,"column":26},"end":{"line":252,"column":28}},"108":{"start":{"line":254,"column":6},"end":{"line":254,"column":42}},"109":{"start":{"line":256,"column":6},"end":{"line":256,"column":16}}},"fnMap":{"0":{"name":"(anonymous_0)","decl":{"start":{"line":21,"column":2},"end":{"line":21,"column":3}},"loc":{"start":{"line":21,"column":40},"end":{"line":29,"column":3}},"line":21},"1":{"name":"(anonymous_1)","decl":{"start":{"line":30,"column":2},"end":{"line":30,"column":3}},"loc":{"start":{"line":30,"column":43},"end":{"line":53,"column":3}},"line":30},"2":{"name":"(anonymous_2)","decl":{"start":{"line":55,"column":2},"end":{"line":55,"column":3}},"loc":{"start":{"line":55,"column":37},"end":{"line":83,"column":3}},"line":55},"3":{"name":"(anonymous_3)","decl":{"start":{"line":85,"column":2},"end":{"line":85,"column":3}},"loc":{"start":{"line":85,"column":40},"end":{"line":132,"column":3}},"line":85},"4":{"name":"(anonymous_4)","decl":{"start":{"line":134,"column":2},"end":{"line":134,"column":3}},"loc":{"start":{"line":134,"column":43},"end":{"line":163,"column":3}},"line":134},"5":{"name":"(anonymous_5)","decl":{"start":{"line":165,"column":2},"end":{"line":165,"column":3}},"loc":{"start":{"line":165,"column":43},"end":{"line":182,"column":3}},"line":165},"6":{"name":"(anonymous_6)","decl":{"start":{"line":173,"column":31},"end":{"line":173,"column":32}},"loc":{"start":{"line":173,"column":39},"end":{"line":176,"column":7}},"line":173},"7":{"name":"(anonymous_7)","decl":{"start":{"line":184,"column":2},"end":{"line":184,"column":3}},"loc":{"start":{"line":184,"column":46},"end":{"line":194,"column":3}},"line":184},"8":{"name":"(anonymous_8)","decl":{"start":{"line":196,"column":2},"end":{"line":196,"column":3}},"loc":{"start":{"line":196,"column":46},"end":{"line":208,"column":3}},"line":196},"9":{"name":"(anonymous_9)","decl":{"start":{"line":210,"column":2},"end":{"line":210,"column":3}},"loc":{"start":{"line":210,"column":49},"end":{"line":222,"column":3}},"line":210},"10":{"name":"(anonymous_10)","decl":{"start":{"line":224,"column":2},"end":{"line":224,"column":3}},"loc":{"start":{"line":224,"column":49},"end":{"line":238,"column":3}},"line":224},"11":{"name":"(anonymous_11)","decl":{"start":{"line":240,"column":2},"end":{"line":240,"column":3}},"loc":{"start":{"line":240,"column":52},"end":{"line":258,"column":3}},"line":240}},"branchMap":{"0":{"loc":{"start":{"line":2,"column":0},"end":{"line":4,"column":1}},"type":"if","locations":[{"start":{"line":2,"column":0},"end":{"line":4,"column":1}},{"start":{},"end":{}}],"line":2},"1":{"loc":{"start":{"line":59,"column":6},"end":{"line":61,"column":7}},"type":"if","locations":[{"start":{"line":59,"column":6},"end":{"line":61,"column":7}},{"start":{},"end":{}}],"line":59},"2":{"loc":{"start":{"line":59,"column":10},"end":{"line":59,"column":29}},"type":"binary-expr","locations":[{"start":{"line":59,"column":10},"end":{"line":59,"column":16}},{"start":{"line":59,"column":20},"end":{"line":59,"column":29}}],"line":59},"3":{"loc":{"start":{"line":64,"column":6},"end":{"line":66,"column":7}},"type":"if","locations":[{"start":{"line":64,"column":6},"end":{"line":66,"column":7}},{"start":{},"end":{}}],"line":64},"4":{"loc":{"start":{"line":68,"column":6},"end":{"line":70,"column":7}},"type":"if","locations":[{"start":{"line":68,"column":6},"end":{"line":70,"column":7}},{"start":{},"end":{}}],"line":68},"5":{"loc":{"start":{"line":73,"column":6},"end":{"line":75,"column":7}},"type":"if","locations":[{"start":{"line":73,"column":6},"end":{"line":75,"column":7}},{"start":{},"end":{}}],"line":73},"6":{"loc":{"start":{"line":91,"column":6},"end":{"line":93,"column":7}},"type":"if","locations":[{"start":{"line":91,"column":6},"end":{"line":93,"column":7}},{"start":{},"end":{}}],"line":91},"7":{"loc":{"start":{"line":91,"column":10},"end":{"line":91,"column":38}},"type":"binary-expr","locations":[{"start":{"line":91,"column":10},"end":{"line":91,"column":16}},{"start":{"line":91,"column":20},"end":{"line":91,"column":25}},{"start":{"line":91,"column":29},"end":{"line":91,"column":38}}],"line":91},"8":{"loc":{"start":{"line":227,"column":6},"end":{"line":229,"column":7}},"type":"if","locations":[{"start":{"line":227,"column":6},"end":{"line":229,"column":7}},{"start":{},"end":{}}],"line":227},"9":{"loc":{"start":{"line":245,"column":6},"end":{"line":247,"column":7}},"type":"if","locations":[{"start":{"line":245,"column":6},"end":{"line":247,"column":7}},{"start":{},"end":{}}],"line":245}},"s":{"0":1,"1":1,"2":1,"3":1,"4":1,"5":1,"6":1,"7":1,"8":1,"9":1,"10":1,"11":1,"12":1,"13":1,"14":1,"15":1,"16":1,"17":1,"18":1,"19":1,"20":0,"21":0,"22":0,"23":0,"24":0,"25":0,"26":0,"27":0,"28":0,"29":0,"30":6,"31":6,"32":6,"33":2,"34":4,"35":4,"36":1,"37":3,"38":1,"39":2,"40":2,"41":1,"42":1,"43":1,"44":5,"45":6,"46":6,"47":6,"48":6,"49":6,"50":5,"51":1,"52":1,"53":0,"54":0,"55":0,"56":0,"57":0,"58":0,"59":6,"60":6,"61":6,"62":0,"63":0,"64":0,"65":0,"66":0,"67":0,"68":0,"69":0,"70":0,"71":1,"72":1,"73":1,"74":1,"75":3,"76":3,"77":1,"78":0,"79":1,"80":1,"81":1,"82":1,"83":1,"84":0,"85":1,"86":1,"87":1,"88":1,"89":1,"90":0,"91":3,"92":3,"93":3,"94":1,"95":2,"96":1,"97":1,"98":1,"99":0,"100":1,"101":1,"102":0,"103":1,"104":1,"105":1,"106":0,"107":1,"108":1,"109":0},"f":{"0":1,"1":0,"2":6,"3":6,"4":0,"5":1,"6":3,"7":1,"8":1,"9":3,"10":1,"11":1},"b":{"0":[1,0],"1":[2,4],"2":[6,5],"3":[1,3],"4":[1,2],"5":[1,1],"6":[5,1],"7":[6,4,2],"8":[0,1],"9":[0,1]},"_coverageSchema":"1a1c01bbd47fc00a2c39e90264f33305004495a9","hash":"68902df957e7a64f4784bb66a45f846d24d4326b"}
,"C:\\Users\\ASUS\\Documents\\gardenia-fox\\PHASE-3\\WEEK-3\\Final-Project\\Server\\controllers\\TeacherController.js": {"path":"C:\\Users\\ASUS\\Documents\\gardenia-fox\\PHASE-3\\WEEK-3\\Final-Project\\Server\\controllers\\TeacherController.js","statementMap":{"0":{"start":{"line":1,"column":15},"end":{"line":1,"column":43}},"1":{"start":{"line":2,"column":13},"end":{"line":2,"column":38}},"2":{"start":{"line":3,"column":13},"end":{"line":3,"column":39}},"3":{"start":{"line":4,"column":14},"end":{"line":4,"column":41}},"4":{"start":{"line":5,"column":25},"end":{"line":5,"column":55}},"5":{"start":{"line":6,"column":19},"end":{"line":6,"column":71}},"6":{"start":{"line":7,"column":14},"end":{"line":7,"column":40}},"7":{"start":{"line":8,"column":19},"end":{"line":8,"column":50}},"8":{"start":{"line":9,"column":30},"end":{"line":9,"column":49}},"9":{"start":{"line":10,"column":17},"end":{"line":10,"column":46}},"10":{"start":{"line":11,"column":21},"end":{"line":11,"column":39}},"11":{"start":{"line":13,"column":0},"end":{"line":242,"column":2}},"12":{"start":{"line":15,"column":4},"end":{"line":42,"column":5}},"13":{"start":{"line":16,"column":32},"end":{"line":16,"column":40}},"14":{"start":{"line":18,"column":6},"end":{"line":20,"column":7}},"15":{"start":{"line":19,"column":8},"end":{"line":19,"column":63}},"16":{"start":{"line":22,"column":17},"end":{"line":22,"column":46}},"17":{"start":{"line":23,"column":6},"end":{"line":25,"column":7}},"18":{"start":{"line":24,"column":8},"end":{"line":24,"column":54}},"19":{"start":{"line":27,"column":6},"end":{"line":29,"column":7}},"20":{"start":{"line":28,"column":8},"end":{"line":28,"column":53}},"21":{"start":{"line":31,"column":18},"end":{"line":31,"column":54}},"22":{"start":{"line":33,"column":6},"end":{"line":35,"column":7}},"23":{"start":{"line":34,"column":8},"end":{"line":34,"column":54}},"24":{"start":{"line":37,"column":25},"end":{"line":37,"column":55}},"25":{"start":{"line":39,"column":6},"end":{"line":39,"column":62}},"26":{"start":{"line":41,"column":6},"end":{"line":41,"column":16}},"27":{"start":{"line":46,"column":4},"end":{"line":70,"column":5}},"28":{"start":{"line":47,"column":54},"end":{"line":47,"column":62}},"29":{"start":{"line":49,"column":6},"end":{"line":51,"column":7}},"30":{"start":{"line":50,"column":8},"end":{"line":50,"column":64}},"31":{"start":{"line":54,"column":17},"end":{"line":61,"column":8}},"32":{"start":{"line":63,"column":28},"end":{"line":63,"column":45}},"33":{"start":{"line":65,"column":25},"end":{"line":65,"column":66}},"34":{"start":{"line":67,"column":6},"end":{"line":67,"column":73}},"35":{"start":{"line":69,"column":6},"end":{"line":69,"column":16}},"36":{"start":{"line":74,"column":4},"end":{"line":101,"column":5}},"37":{"start":{"line":75,"column":31},"end":{"line":75,"column":42}},"38":{"start":{"line":76,"column":21},"end":{"line":76,"column":59}},"39":{"start":{"line":77,"column":21},"end":{"line":80,"column":8}},"40":{"start":{"line":81,"column":22},"end":{"line":81,"column":41}},"41":{"start":{"line":82,"column":21},"end":{"line":82,"column":45}},"42":{"start":{"line":83,"column":21},"end":{"line":90,"column":7}},"43":{"start":{"line":92,"column":22},"end":{"line":92,"column":76}},"44":{"start":{"line":94,"column":21},"end":{"line":94,"column":73}},"45":{"start":{"line":95,"column":19},"end":{"line":95,"column":36}},"46":{"start":{"line":97,"column":27},"end":{"line":97,"column":55}},"47":{"start":{"line":98,"column":6},"end":{"line":98,"column":45}},"48":{"start":{"line":100,"column":6},"end":{"line":100,"column":16}},"49":{"start":{"line":105,"column":4},"end":{"line":114,"column":5}},"50":{"start":{"line":106,"column":21},"end":{"line":109,"column":29}},"51":{"start":{"line":111,"column":6},"end":{"line":111,"column":37}},"52":{"start":{"line":113,"column":6},"end":{"line":113,"column":16}},"53":{"start":{"line":118,"column":4},"end":{"line":124,"column":5}},"54":{"start":{"line":119,"column":24},"end":{"line":119,"column":47}},"55":{"start":{"line":121,"column":6},"end":{"line":121,"column":40}},"56":{"start":{"line":123,"column":6},"end":{"line":123,"column":16}},"57":{"start":{"line":128,"column":4},"end":{"line":138,"column":5}},"58":{"start":{"line":129,"column":16},"end":{"line":129,"column":29}},"59":{"start":{"line":131,"column":27},"end":{"line":133,"column":7}},"60":{"start":{"line":135,"column":6},"end":{"line":135,"column":43}},"61":{"start":{"line":137,"column":6},"end":{"line":137,"column":16}},"62":{"start":{"line":142,"column":20},"end":{"line":142,"column":49}},"63":{"start":{"line":143,"column":4},"end":{"line":192,"column":5}},"64":{"start":{"line":144,"column":6},"end":{"line":144,"column":33}},"65":{"start":{"line":146,"column":8},"end":{"line":146,"column":16}},"66":{"start":{"line":159,"column":6},"end":{"line":161,"column":7}},"67":{"start":{"line":160,"column":8},"end":{"line":160,"column":71}},"68":{"start":{"line":163,"column":28},"end":{"line":163,"column":54}},"69":{"start":{"line":165,"column":6},"end":{"line":165,"column":35}},"70":{"start":{"line":167,"column":30},"end":{"line":174,"column":8}},"71":{"start":{"line":176,"column":24},"end":{"line":181,"column":7}},"72":{"start":{"line":183,"column":6},"end":{"line":183,"column":40}},"73":{"start":{"line":184,"column":6},"end":{"line":184,"column":27}},"74":{"start":{"line":186,"column":6},"end":{"line":186,"column":46}},"75":{"start":{"line":188,"column":6},"end":{"line":188,"column":39}},"76":{"start":{"line":189,"column":6},"end":{"line":189,"column":27}},"77":{"start":{"line":190,"column":6},"end":{"line":190,"column":23}},"78":{"start":{"line":191,"column":6},"end":{"line":191,"column":16}},"79":{"start":{"line":197,"column":4},"end":{"line":216,"column":5}},"80":{"start":{"line":198,"column":50},"end":{"line":198,"column":58}},"81":{"start":{"line":200,"column":6},"end":{"line":202,"column":7}},"82":{"start":{"line":201,"column":8},"end":{"line":201,"column":66}},"83":{"start":{"line":204,"column":6},"end":{"line":211,"column":9}},"84":{"start":{"line":213,"column":6},"end":{"line":213,"column":77}},"85":{"start":{"line":215,"column":6},"end":{"line":215,"column":16}},"86":{"start":{"line":220,"column":4},"end":{"line":230,"column":5}},"87":{"start":{"line":221,"column":20},"end":{"line":221,"column":33}},"88":{"start":{"line":222,"column":24},"end":{"line":225,"column":29}},"89":{"start":{"line":227,"column":6},"end":{"line":227,"column":40}},"90":{"start":{"line":229,"column":6},"end":{"line":229,"column":16}},"91":{"start":{"line":234,"column":4},"end":{"line":240,"column":5}},"92":{"start":{"line":235,"column":15},"end":{"line":235,"column":28}},"93":{"start":{"line":236,"column":6},"end":{"line":236,"column":45}},"94":{"start":{"line":237,"column":6},"end":{"line":237,"column":70}},"95":{"start":{"line":239,"column":6},"end":{"line":239,"column":16}}},"fnMap":{"0":{"name":"(anonymous_0)","decl":{"start":{"line":14,"column":2},"end":{"line":14,"column":3}},"loc":{"start":{"line":14,"column":37},"end":{"line":43,"column":3}},"line":14},"1":{"name":"(anonymous_1)","decl":{"start":{"line":45,"column":2},"end":{"line":45,"column":3}},"loc":{"start":{"line":45,"column":40},"end":{"line":71,"column":3}},"line":45},"2":{"name":"(anonymous_2)","decl":{"start":{"line":73,"column":2},"end":{"line":73,"column":3}},"loc":{"start":{"line":73,"column":43},"end":{"line":102,"column":3}},"line":73},"3":{"name":"(anonymous_3)","decl":{"start":{"line":104,"column":2},"end":{"line":104,"column":3}},"loc":{"start":{"line":104,"column":42},"end":{"line":115,"column":3}},"line":104},"4":{"name":"(anonymous_4)","decl":{"start":{"line":117,"column":2},"end":{"line":117,"column":3}},"loc":{"start":{"line":117,"column":46},"end":{"line":125,"column":3}},"line":117},"5":{"name":"(anonymous_5)","decl":{"start":{"line":127,"column":2},"end":{"line":127,"column":3}},"loc":{"start":{"line":127,"column":45},"end":{"line":139,"column":3}},"line":127},"6":{"name":"(anonymous_6)","decl":{"start":{"line":141,"column":2},"end":{"line":141,"column":3}},"loc":{"start":{"line":141,"column":48},"end":{"line":193,"column":3}},"line":141},"7":{"name":"(anonymous_7)","decl":{"start":{"line":195,"column":2},"end":{"line":195,"column":3}},"loc":{"start":{"line":195,"column":43},"end":{"line":217,"column":3}},"line":195},"8":{"name":"(anonymous_8)","decl":{"start":{"line":219,"column":2},"end":{"line":219,"column":3}},"loc":{"start":{"line":219,"column":40},"end":{"line":231,"column":3}},"line":219},"9":{"name":"(anonymous_9)","decl":{"start":{"line":233,"column":2},"end":{"line":233,"column":3}},"loc":{"start":{"line":233,"column":49},"end":{"line":241,"column":3}},"line":233}},"branchMap":{"0":{"loc":{"start":{"line":18,"column":6},"end":{"line":20,"column":7}},"type":"if","locations":[{"start":{"line":18,"column":6},"end":{"line":20,"column":7}},{"start":{},"end":{}}],"line":18},"1":{"loc":{"start":{"line":18,"column":10},"end":{"line":18,"column":29}},"type":"binary-expr","locations":[{"start":{"line":18,"column":10},"end":{"line":18,"column":16}},{"start":{"line":18,"column":20},"end":{"line":18,"column":29}}],"line":18},"2":{"loc":{"start":{"line":23,"column":6},"end":{"line":25,"column":7}},"type":"if","locations":[{"start":{"line":23,"column":6},"end":{"line":25,"column":7}},{"start":{},"end":{}}],"line":23},"3":{"loc":{"start":{"line":27,"column":6},"end":{"line":29,"column":7}},"type":"if","locations":[{"start":{"line":27,"column":6},"end":{"line":29,"column":7}},{"start":{},"end":{}}],"line":27},"4":{"loc":{"start":{"line":33,"column":6},"end":{"line":35,"column":7}},"type":"if","locations":[{"start":{"line":33,"column":6},"end":{"line":35,"column":7}},{"start":{},"end":{}}],"line":33},"5":{"loc":{"start":{"line":49,"column":6},"end":{"line":51,"column":7}},"type":"if","locations":[{"start":{"line":49,"column":6},"end":{"line":51,"column":7}},{"start":{},"end":{}}],"line":49},"6":{"loc":{"start":{"line":49,"column":10},"end":{"line":49,"column":29}},"type":"binary-expr","locations":[{"start":{"line":49,"column":10},"end":{"line":49,"column":16}},{"start":{"line":49,"column":20},"end":{"line":49,"column":29}}],"line":49},"7":{"loc":{"start":{"line":159,"column":6},"end":{"line":161,"column":7}},"type":"if","locations":[{"start":{"line":159,"column":6},"end":{"line":161,"column":7}},{"start":{},"end":{}}],"line":159},"8":{"loc":{"start":{"line":159,"column":10},"end":{"line":159,"column":71}},"type":"binary-expr","locations":[{"start":{"line":159,"column":10},"end":{"line":159,"column":15}},{"start":{"line":159,"column":19},"end":{"line":159,"column":27}},{"start":{"line":159,"column":31},"end":{"line":159,"column":39}},{"start":{"line":159,"column":43},"end":{"line":159,"column":52}},{"start":{"line":159,"column":56},"end":{"line":159,"column":71}}],"line":159},"9":{"loc":{"start":{"line":200,"column":6},"end":{"line":202,"column":7}},"type":"if","locations":[{"start":{"line":200,"column":6},"end":{"line":202,"column":7}},{"start":{},"end":{}}],"line":200},"10":{"loc":{"start":{"line":200,"column":10},"end":{"line":200,"column":53}},"type":"binary-expr","locations":[{"start":{"line":200,"column":10},"end":{"line":200,"column":15}},{"start":{"line":200,"column":19},"end":{"line":200,"column":28}},{"start":{"line":200,"column":32},"end":{"line":200,"column":41}},{"start":{"line":200,"column":45},"end":{"line":200,"column":53}}],"line":200}},"s":{"0":1,"1":1,"2":1,"3":1,"4":1,"5":1,"6":1,"7":1,"8":1,"9":1,"10":1,"11":1,"12":0,"13":0,"14":0,"15":0,"16":0,"17":0,"18":0,"19":0,"20":0,"21":0,"22":0,"23":0,"24":0,"25":0,"26":0,"27":0,"28":0,"29":0,"30":0,"31":0,"32":0,"33":0,"34":0,"35":0,"36":0,"37":0,"38":0,"39":0,"40":0,"41":0,"42":0,"43":0,"44":0,"45":0,"46":0,"47":0,"48":0,"49":0,"50":0,"51":0,"52":0,"53":0,"54":0,"55":0,"56":0,"57":0,"58":0,"59":0,"60":0,"61":0,"62":0,"63":0,"64":0,"65":0,"66":0,"67":0,"68":0,"69":0,"70":0,"71":0,"72":0,"73":0,"74":0,"75":0,"76":0,"77":0,"78":0,"79":0,"80":0,"81":0,"82":0,"83":0,"84":0,"85":0,"86":0,"87":0,"88":0,"89":0,"90":0,"91":0,"92":0,"93":0,"94":0,"95":0},"f":{"0":0,"1":0,"2":0,"3":0,"4":0,"5":0,"6":0,"7":0,"8":0,"9":0},"b":{"0":[0,0],"1":[0,0],"2":[0,0],"3":[0,0],"4":[0,0],"5":[0,0],"6":[0,0],"7":[0,0],"8":[0,0,0,0,0],"9":[0,0],"10":[0,0,0,0]},"_coverageSchema":"1a1c01bbd47fc00a2c39e90264f33305004495a9","hash":"f20cedba9f491d43c81f5dd3b27d4c958b8bf189"}
,"C:\\Users\\ASUS\\Documents\\gardenia-fox\\PHASE-3\\WEEK-3\\Final-Project\\Server\\controllers\\index.js": {"path":"C:\\Users\\ASUS\\Documents\\gardenia-fox\\PHASE-3\\WEEK-3\\Final-Project\\Server\\controllers\\index.js","statementMap":{"0":{"start":{"line":1,"column":15},"end":{"line":1,"column":43}},"1":{"start":{"line":2,"column":13},"end":{"line":2,"column":39}},"2":{"start":{"line":3,"column":14},"end":{"line":3,"column":41}},"3":{"start":{"line":4,"column":13},"end":{"line":4,"column":38}},"4":{"start":{"line":6,"column":0},"end":{"line":14,"column":2}},"5":{"start":{"line":8,"column":4},"end":{"line":12,"column":5}},"6":{"start":{"line":9,"column":6},"end":{"line":9,"column":21}},"7":{"start":{"line":11,"column":6},"end":{"line":11,"column":16}}},"fnMap":{"0":{"name":"(anonymous_0)","decl":{"start":{"line":7,"column":2},"end":{"line":7,"column":3}},"loc":{"start":{"line":7,"column":36},"end":{"line":13,"column":3}},"line":7}},"branchMap":{},"s":{"0":1,"1":1,"2":1,"3":1,"4":1,"5":0,"6":0,"7":0},"f":{"0":0},"b":{},"_coverageSchema":"1a1c01bbd47fc00a2c39e90264f33305004495a9","hash":"f688b22bc27a637a8e6019250d23b648c81d0a3b"}
,"C:\\Users\\ASUS\\Documents\\gardenia-fox\\PHASE-3\\WEEK-3\\Final-Project\\Server\\helpers\\Errors.js": {"path":"C:\\Users\\ASUS\\Documents\\gardenia-fox\\PHASE-3\\WEEK-3\\Final-Project\\Server\\helpers\\Errors.js","statementMap":{"0":{"start":{"line":1,"column":0},"end":{"line":8,"column":2}},"1":{"start":{"line":3,"column":4},"end":{"line":3,"column":12}},"2":{"start":{"line":4,"column":4},"end":{"line":4,"column":25}},"3":{"start":{"line":5,"column":4},"end":{"line":5,"column":31}},"4":{"start":{"line":6,"column":4},"end":{"line":6,"column":27}}},"fnMap":{"0":{"name":"(anonymous_0)","decl":{"start":{"line":2,"column":2},"end":{"line":2,"column":3}},"loc":{"start":{"line":2,"column":31},"end":{"line":7,"column":3}},"line":2}},"branchMap":{},"s":{"0":1,"1":10,"2":10,"3":10,"4":10},"f":{"0":10},"b":{},"_coverageSchema":"1a1c01bbd47fc00a2c39e90264f33305004495a9","hash":"758e33818d4c9e04ec98d1b5e18c40d326811e39"}
,"C:\\Users\\ASUS\\Documents\\gardenia-fox\\PHASE-3\\WEEK-3\\Final-Project\\Server\\helpers\\Hash.js": {"path":"C:\\Users\\ASUS\\Documents\\gardenia-fox\\PHASE-3\\WEEK-3\\Final-Project\\Server\\helpers\\Hash.js","statementMap":{"0":{"start":{"line":1,"column":15},"end":{"line":1,"column":34}},"1":{"start":{"line":2,"column":13},"end":{"line":2,"column":35}},"2":{"start":{"line":4,"column":0},"end":{"line":11,"column":2}},"3":{"start":{"line":6,"column":4},"end":{"line":6,"column":43}},"4":{"start":{"line":9,"column":4},"end":{"line":9,"column":52}}},"fnMap":{"0":{"name":"(anonymous_0)","decl":{"start":{"line":5,"column":2},"end":{"line":5,"column":3}},"loc":{"start":{"line":5,"column":26},"end":{"line":7,"column":3}},"line":5},"1":{"name":"(anonymous_1)","decl":{"start":{"line":8,"column":2},"end":{"line":8,"column":3}},"loc":{"start":{"line":8,"column":38},"end":{"line":10,"column":3}},"line":8}},"branchMap":{},"s":{"0":1,"1":1,"2":1,"3":1,"4":2},"f":{"0":1,"1":2},"b":{},"_coverageSchema":"1a1c01bbd47fc00a2c39e90264f33305004495a9","hash":"926d8dbb2aee21d126197e0ed1ad549449aa9fd4"}
,"C:\\Users\\ASUS\\Documents\\gardenia-fox\\PHASE-3\\WEEK-3\\Final-Project\\Server\\helpers\\Token.js": {"path":"C:\\Users\\ASUS\\Documents\\gardenia-fox\\PHASE-3\\WEEK-3\\Final-Project\\Server\\helpers\\Token.js","statementMap":{"0":{"start":{"line":1,"column":0},"end":{"line":3,"column":1}},"1":{"start":{"line":2,"column":2},"end":{"line":2,"column":29}},"2":{"start":{"line":5,"column":12},"end":{"line":5,"column":35}},"3":{"start":{"line":6,"column":15},"end":{"line":6,"column":33}},"4":{"start":{"line":8,"column":0},"end":{"line":15,"column":2}},"5":{"start":{"line":10,"column":4},"end":{"line":10,"column":37}},"6":{"start":{"line":13,"column":4},"end":{"line":13,"column":37}}},"fnMap":{"0":{"name":"(anonymous_0)","decl":{"start":{"line":9,"column":2},"end":{"line":9,"column":3}},"loc":{"start":{"line":9,"column":25},"end":{"line":11,"column":3}},"line":9},"1":{"name":"(anonymous_1)","decl":{"start":{"line":12,"column":2},"end":{"line":12,"column":3}},"loc":{"start":{"line":12,"column":23},"end":{"line":14,"column":3}},"line":12}},"branchMap":{"0":{"loc":{"start":{"line":1,"column":0},"end":{"line":3,"column":1}},"type":"if","locations":[{"start":{"line":1,"column":0},"end":{"line":3,"column":1}},{"start":{},"end":{}}],"line":1}},"s":{"0":1,"1":1,"2":1,"3":1,"4":1,"5":2,"6":8},"f":{"0":2,"1":8},"b":{"0":[1,0]},"_coverageSchema":"1a1c01bbd47fc00a2c39e90264f33305004495a9","hash":"a5bb10f5423d78b1f1362b1143fc264151e2dc5c"}
,"C:\\Users\\ASUS\\Documents\\gardenia-fox\\PHASE-3\\WEEK-3\\Final-Project\\Server\\helpers\\ocrAdapter.js": {"path":"C:\\Users\\ASUS\\Documents\\gardenia-fox\\PHASE-3\\WEEK-3\\Final-Project\\Server\\helpers\\ocrAdapter.js","statementMap":{"0":{"start":{"line":1,"column":0},"end":{"line":57,"column":2}},"1":{"start":{"line":3,"column":4},"end":{"line":3,"column":80}},"2":{"start":{"line":5,"column":21},"end":{"line":5,"column":23}},"3":{"start":{"line":6,"column":17},"end":{"line":6,"column":19}},"4":{"start":{"line":9,"column":2},"end":{"line":29,"column":3}},"5":{"start":{"line":10,"column":4},"end":{"line":28,"column":5}},"6":{"start":{"line":11,"column":16},"end":{"line":11,"column":24}},"7":{"start":{"line":12,"column":18},"end":{"line":12,"column":26}},"8":{"start":{"line":13,"column":6},"end":{"line":15,"column":7}},"9":{"start":{"line":14,"column":8},"end":{"line":14,"column":31}},"10":{"start":{"line":16,"column":6},"end":{"line":16,"column":30}},"11":{"start":{"line":17,"column":11},"end":{"line":28,"column":5}},"12":{"start":{"line":18,"column":16},"end":{"line":18,"column":24}},"13":{"start":{"line":19,"column":18},"end":{"line":19,"column":26}},"14":{"start":{"line":20,"column":6},"end":{"line":22,"column":7}},"15":{"start":{"line":21,"column":8},"end":{"line":21,"column":31}},"16":{"start":{"line":23,"column":6},"end":{"line":23,"column":30}},"17":{"start":{"line":25,"column":18},"end":{"line":25,"column":26}},"18":{"start":{"line":26,"column":20},"end":{"line":26,"column":28}},"19":{"start":{"line":27,"column":6},"end":{"line":27,"column":26}},"20":{"start":{"line":31,"column":18},"end":{"line":31,"column":20}},"21":{"start":{"line":33,"column":2},"end":{"line":45,"column":3}},"22":{"start":{"line":34,"column":23},"end":{"line":34,"column":44}},"23":{"start":{"line":36,"column":4},"end":{"line":44,"column":5}},"24":{"start":{"line":37,"column":21},"end":{"line":37,"column":55}},"25":{"start":{"line":38,"column":6},"end":{"line":43,"column":9}},"26":{"start":{"line":47,"column":2},"end":{"line":55,"column":3}},"27":{"start":{"line":48,"column":19},"end":{"line":48,"column":36}},"28":{"start":{"line":49,"column":4},"end":{"line":54,"column":7}},"29":{"start":{"line":56,"column":2},"end":{"line":56,"column":17}}},"fnMap":{"0":{"name":"(anonymous_0)","decl":{"start":{"line":1,"column":17},"end":{"line":1,"column":18}},"loc":{"start":{"line":1,"column":27},"end":{"line":57,"column":1}},"line":1}},"branchMap":{"0":{"loc":{"start":{"line":10,"column":4},"end":{"line":28,"column":5}},"type":"if","locations":[{"start":{"line":10,"column":4},"end":{"line":28,"column":5}},{"start":{"line":17,"column":11},"end":{"line":28,"column":5}}],"line":10},"1":{"loc":{"start":{"line":13,"column":6},"end":{"line":15,"column":7}},"type":"if","locations":[{"start":{"line":13,"column":6},"end":{"line":15,"column":7}},{"start":{},"end":{}}],"line":13},"2":{"loc":{"start":{"line":17,"column":11},"end":{"line":28,"column":5}},"type":"if","locations":[{"start":{"line":17,"column":11},"end":{"line":28,"column":5}},{"start":{"line":24,"column":11},"end":{"line":28,"column":5}}],"line":17},"3":{"loc":{"start":{"line":20,"column":6},"end":{"line":22,"column":7}},"type":"if","locations":[{"start":{"line":20,"column":6},"end":{"line":22,"column":7}},{"start":{},"end":{}}],"line":20},"4":{"loc":{"start":{"line":36,"column":4},"end":{"line":44,"column":5}},"type":"if","locations":[{"start":{"line":36,"column":4},"end":{"line":44,"column":5}},{"start":{},"end":{}}],"line":36}},"s":{"0":1,"1":0,"2":0,"3":0,"4":0,"5":0,"6":0,"7":0,"8":0,"9":0,"10":0,"11":0,"12":0,"13":0,"14":0,"15":0,"16":0,"17":0,"18":0,"19":0,"20":0,"21":0,"22":0,"23":0,"24":0,"25":0,"26":0,"27":0,"28":0,"29":0},"f":{"0":0},"b":{"0":[0,0],"1":[0,0],"2":[0,0],"3":[0,0],"4":[0,0]},"_coverageSchema":"1a1c01bbd47fc00a2c39e90264f33305004495a9","hash":"64bdffc79d1164d3bc6514835f8091e0367c6028"}
,"C:\\Users\\ASUS\\Documents\\gardenia-fox\\PHASE-3\\WEEK-3\\Final-Project\\Server\\middlewares\\authenticationStudents.js": {"path":"C:\\Users\\ASUS\\Documents\\gardenia-fox\\PHASE-3\\WEEK-3\\Final-Project\\Server\\middlewares\\authenticationStudents.js","statementMap":{"0":{"start":{"line":1,"column":15},"end":{"line":1,"column":43}},"1":{"start":{"line":2,"column":14},"end":{"line":2,"column":41}},"2":{"start":{"line":3,"column":13},"end":{"line":3,"column":38}},"3":{"start":{"line":5,"column":0},"end":{"line":28,"column":2}},"4":{"start":{"line":6,"column":2},"end":{"line":27,"column":3}},"5":{"start":{"line":7,"column":16},"end":{"line":7,"column":40}},"6":{"start":{"line":8,"column":4},"end":{"line":10,"column":5}},"7":{"start":{"line":9,"column":6},"end":{"line":9,"column":54}},"8":{"start":{"line":12,"column":22},"end":{"line":12,"column":41}},"9":{"start":{"line":14,"column":15},"end":{"line":14,"column":39}},"10":{"start":{"line":16,"column":4},"end":{"line":18,"column":5}},"11":{"start":{"line":17,"column":6},"end":{"line":17,"column":54}},"12":{"start":{"line":20,"column":4},"end":{"line":20,"column":20}},"13":{"start":{"line":22,"column":4},"end":{"line":22,"column":26}},"14":{"start":{"line":24,"column":4},"end":{"line":24,"column":11}},"15":{"start":{"line":26,"column":4},"end":{"line":26,"column":14}}},"fnMap":{"0":{"name":"(anonymous_0)","decl":{"start":{"line":5,"column":17},"end":{"line":5,"column":18}},"loc":{"start":{"line":5,"column":43},"end":{"line":28,"column":1}},"line":5}},"branchMap":{"0":{"loc":{"start":{"line":8,"column":4},"end":{"line":10,"column":5}},"type":"if","locations":[{"start":{"line":8,"column":4},"end":{"line":10,"column":5}},{"start":{},"end":{}}],"line":8},"1":{"loc":{"start":{"line":16,"column":4},"end":{"line":18,"column":5}},"type":"if","locations":[{"start":{"line":16,"column":4},"end":{"line":18,"column":5}},{"start":{},"end":{}}],"line":16},"2":{"loc":{"start":{"line":16,"column":8},"end":{"line":16,"column":40}},"type":"binary-expr","locations":[{"start":{"line":16,"column":8},"end":{"line":16,"column":13}},{"start":{"line":16,"column":17},"end":{"line":16,"column":40}}],"line":16}},"s":{"0":1,"1":1,"2":1,"3":1,"4":8,"5":8,"6":8,"7":0,"8":8,"9":8,"10":8,"11":0,"12":8,"13":8,"14":8,"15":0},"f":{"0":8},"b":{"0":[0,8],"1":[0,8],"2":[8,8]},"_coverageSchema":"1a1c01bbd47fc00a2c39e90264f33305004495a9","hash":"a56436a73f22c0b932f2909c61a9d078a8bd12f3"}
,"C:\\Users\\ASUS\\Documents\\gardenia-fox\\PHASE-3\\WEEK-3\\Final-Project\\Server\\middlewares\\authenticationTeachers.js": {"path":"C:\\Users\\ASUS\\Documents\\gardenia-fox\\PHASE-3\\WEEK-3\\Final-Project\\Server\\middlewares\\authenticationTeachers.js","statementMap":{"0":{"start":{"line":1,"column":15},"end":{"line":1,"column":43}},"1":{"start":{"line":2,"column":14},"end":{"line":2,"column":41}},"2":{"start":{"line":3,"column":13},"end":{"line":3,"column":38}},"3":{"start":{"line":5,"column":0},"end":{"line":26,"column":2}},"4":{"start":{"line":6,"column":2},"end":{"line":25,"column":3}},"5":{"start":{"line":7,"column":16},"end":{"line":7,"column":40}},"6":{"start":{"line":9,"column":4},"end":{"line":11,"column":5}},"7":{"start":{"line":10,"column":6},"end":{"line":10,"column":54}},"8":{"start":{"line":12,"column":22},"end":{"line":12,"column":41}},"9":{"start":{"line":14,"column":15},"end":{"line":14,"column":39}},"10":{"start":{"line":16,"column":4},"end":{"line":18,"column":5}},"11":{"start":{"line":17,"column":6},"end":{"line":17,"column":54}},"12":{"start":{"line":20,"column":4},"end":{"line":20,"column":20}},"13":{"start":{"line":22,"column":4},"end":{"line":22,"column":11}},"14":{"start":{"line":24,"column":4},"end":{"line":24,"column":14}}},"fnMap":{"0":{"name":"(anonymous_0)","decl":{"start":{"line":5,"column":17},"end":{"line":5,"column":18}},"loc":{"start":{"line":5,"column":43},"end":{"line":26,"column":1}},"line":5}},"branchMap":{"0":{"loc":{"start":{"line":9,"column":4},"end":{"line":11,"column":5}},"type":"if","locations":[{"start":{"line":9,"column":4},"end":{"line":11,"column":5}},{"start":{},"end":{}}],"line":9},"1":{"loc":{"start":{"line":16,"column":4},"end":{"line":18,"column":5}},"type":"if","locations":[{"start":{"line":16,"column":4},"end":{"line":18,"column":5}},{"start":{},"end":{}}],"line":16},"2":{"loc":{"start":{"line":16,"column":8},"end":{"line":16,"column":40}},"type":"binary-expr","locations":[{"start":{"line":16,"column":8},"end":{"line":16,"column":13}},{"start":{"line":16,"column":17},"end":{"line":16,"column":40}}],"line":16}},"s":{"0":1,"1":1,"2":1,"3":1,"4":0,"5":0,"6":0,"7":0,"8":0,"9":0,"10":0,"11":0,"12":0,"13":0,"14":0},"f":{"0":0},"b":{"0":[0,0],"1":[0,0],"2":[0,0]},"_coverageSchema":"1a1c01bbd47fc00a2c39e90264f33305004495a9","hash":"1c95e8e9803eb00810d8d39ba70ce336c49ce6bd"}
,"C:\\Users\\ASUS\\Documents\\gardenia-fox\\PHASE-3\\WEEK-3\\Final-Project\\Server\\middlewares\\errorHandler.js": {"path":"C:\\Users\\ASUS\\Documents\\gardenia-fox\\PHASE-3\\WEEK-3\\Final-Project\\Server\\middlewares\\errorHandler.js","statementMap":{"0":{"start":{"line":1,"column":0},"end":{"line":11,"column":2}},"1":{"start":{"line":2,"column":2},"end":{"line":2,"column":19}},"2":{"start":{"line":3,"column":2},"end":{"line":3,"column":27}},"3":{"start":{"line":4,"column":2},"end":{"line":10,"column":3}},"4":{"start":{"line":5,"column":4},"end":{"line":5,"column":45}},"5":{"start":{"line":6,"column":9},"end":{"line":10,"column":3}},"6":{"start":{"line":7,"column":4},"end":{"line":7,"column":70}},"7":{"start":{"line":9,"column":4},"end":{"line":9,"column":63}}},"fnMap":{"0":{"name":"(anonymous_0)","decl":{"start":{"line":1,"column":17},"end":{"line":1,"column":18}},"loc":{"start":{"line":1,"column":42},"end":{"line":11,"column":1}},"line":1}},"branchMap":{"0":{"loc":{"start":{"line":4,"column":2},"end":{"line":10,"column":3}},"type":"if","locations":[{"start":{"line":4,"column":2},"end":{"line":10,"column":3}},{"start":{"line":6,"column":9},"end":{"line":10,"column":3}}],"line":4},"1":{"loc":{"start":{"line":6,"column":9},"end":{"line":10,"column":3}},"type":"if","locations":[{"start":{"line":6,"column":9},"end":{"line":10,"column":3}},{"start":{"line":8,"column":9},"end":{"line":10,"column":3}}],"line":6}},"s":{"0":1,"1":13,"2":13,"3":13,"4":10,"5":3,"6":1,"7":2},"f":{"0":13},"b":{"0":[10,3],"1":[1,2]},"_coverageSchema":"1a1c01bbd47fc00a2c39e90264f33305004495a9","hash":"2a7570d37d33b98c1ecc06f7717d21986dc1746a"}
,"C:\\Users\\ASUS\\Documents\\gardenia-fox\\PHASE-3\\WEEK-3\\Final-Project\\Server\\middlewares\\multer.js": {"path":"C:\\Users\\ASUS\\Documents\\gardenia-fox\\PHASE-3\\WEEK-3\\Final-Project\\Server\\middlewares\\multer.js","statementMap":{"0":{"start":{"line":1,"column":0},"end":{"line":3,"column":1}},"1":{"start":{"line":2,"column":2},"end":{"line":2,"column":29}},"2":{"start":{"line":4,"column":20},"end":{"line":4,"column":52}},"3":{"start":{"line":5,"column":15},"end":{"line":5,"column":32}},"4":{"start":{"line":6,"column":46},"end":{"line":6,"column":77}},"5":{"start":{"line":7,"column":19},"end":{"line":7,"column":71}},"6":{"start":{"line":9,"column":16},"end":{"line":12,"column":2}},"7":{"start":{"line":14,"column":22},"end":{"line":20,"column":2}},"8":{"start":{"line":22,"column":15},"end":{"line":22,"column":49}},"9":{"start":{"line":24,"column":0},"end":{"line":24,"column":37}}},"fnMap":{},"branchMap":{"0":{"loc":{"start":{"line":1,"column":0},"end":{"line":3,"column":1}},"type":"if","locations":[{"start":{"line":1,"column":0},"end":{"line":3,"column":1}},{"start":{},"end":{}}],"line":1}},"s":{"0":1,"1":1,"2":1,"3":1,"4":1,"5":1,"6":1,"7":1,"8":1,"9":1},"f":{},"b":{"0":[1,0]},"_coverageSchema":"1a1c01bbd47fc00a2c39e90264f33305004495a9","hash":"90b605e346293f6b6955f6b2de6cb364c76f9490"}
,"C:\\Users\\ASUS\\Documents\\gardenia-fox\\PHASE-3\\WEEK-3\\Final-Project\\Server\\models\\Assignment.js": {"path":"C:\\Users\\ASUS\\Documents\\gardenia-fox\\PHASE-3\\WEEK-3\\Final-Project\\Server\\models\\Assignment.js","statementMap":{"0":{"start":{"line":1,"column":17},"end":{"line":1,"column":36}},"1":{"start":{"line":3,"column":25},"end":{"line":35,"column":2}},"2":{"start":{"line":37,"column":19},"end":{"line":37,"column":65}},"3":{"start":{"line":39,"column":0},"end":{"line":39,"column":28}}},"fnMap":{},"branchMap":{},"s":{"0":1,"1":1,"2":1,"3":1},"f":{},"b":{},"_coverageSchema":"1a1c01bbd47fc00a2c39e90264f33305004495a9","hash":"97c2335da5a4e44d481ed48dd1ae6986cb1fe9d6"}
,"C:\\Users\\ASUS\\Documents\\gardenia-fox\\PHASE-3\\WEEK-3\\Final-Project\\Server\\models\\Class.js": {"path":"C:\\Users\\ASUS\\Documents\\gardenia-fox\\PHASE-3\\WEEK-3\\Final-Project\\Server\\models\\Class.js","statementMap":{"0":{"start":{"line":1,"column":17},"end":{"line":1,"column":36}},"1":{"start":{"line":3,"column":20},"end":{"line":26,"column":2}},"2":{"start":{"line":28,"column":14},"end":{"line":28,"column":50}},"3":{"start":{"line":30,"column":0},"end":{"line":30,"column":23}}},"fnMap":{},"branchMap":{},"s":{"0":1,"1":1,"2":1,"3":1},"f":{},"b":{},"_coverageSchema":"1a1c01bbd47fc00a2c39e90264f33305004495a9","hash":"eba17dd6cfbd2a0fa1c2926d8e17cf5aaa768a32"}
,"C:\\Users\\ASUS\\Documents\\gardenia-fox\\PHASE-3\\WEEK-3\\Final-Project\\Server\\models\\Question.js": {"path":"C:\\Users\\ASUS\\Documents\\gardenia-fox\\PHASE-3\\WEEK-3\\Final-Project\\Server\\models\\Question.js","statementMap":{"0":{"start":{"line":1,"column":17},"end":{"line":1,"column":36}},"1":{"start":{"line":3,"column":23},"end":{"line":29,"column":2}},"2":{"start":{"line":31,"column":17},"end":{"line":31,"column":59}},"3":{"start":{"line":33,"column":0},"end":{"line":33,"column":26}}},"fnMap":{},"branchMap":{},"s":{"0":1,"1":1,"2":1,"3":1},"f":{},"b":{},"_coverageSchema":"1a1c01bbd47fc00a2c39e90264f33305004495a9","hash":"ab8df6adc34f5c380132e432a4b8d0fbe95d7f80"}
,"C:\\Users\\ASUS\\Documents\\gardenia-fox\\PHASE-3\\WEEK-3\\Final-Project\\Server\\models\\StudentAnswer.js": {"path":"C:\\Users\\ASUS\\Documents\\gardenia-fox\\PHASE-3\\WEEK-3\\Final-Project\\Server\\models\\StudentAnswer.js","statementMap":{"0":{"start":{"line":1,"column":17},"end":{"line":1,"column":36}},"1":{"start":{"line":3,"column":28},"end":{"line":33,"column":2}},"2":{"start":{"line":35,"column":22},"end":{"line":35,"column":74}},"3":{"start":{"line":37,"column":0},"end":{"line":37,"column":31}}},"fnMap":{},"branchMap":{},"s":{"0":1,"1":1,"2":1,"3":1},"f":{},"b":{},"_coverageSchema":"1a1c01bbd47fc00a2c39e90264f33305004495a9","hash":"0e8d058deb5340178b291610dbaae933d1cb7b2f"}
,"C:\\Users\\ASUS\\Documents\\gardenia-fox\\PHASE-3\\WEEK-3\\Final-Project\\Server\\models\\User.js": {"path":"C:\\Users\\ASUS\\Documents\\gardenia-fox\\PHASE-3\\WEEK-3\\Final-Project\\Server\\models\\User.js","statementMap":{"0":{"start":{"line":1,"column":17},"end":{"line":1,"column":36}},"1":{"start":{"line":2,"column":13},"end":{"line":2,"column":39}},"2":{"start":{"line":4,"column":19},"end":{"line":35,"column":2}},"3":{"start":{"line":37,"column":0},"end":{"line":41,"column":3}},"4":{"start":{"line":38,"column":2},"end":{"line":38,"column":29}},"5":{"start":{"line":39,"column":2},"end":{"line":39,"column":45}},"6":{"start":{"line":40,"column":2},"end":{"line":40,"column":9}},"7":{"start":{"line":43,"column":13},"end":{"line":43,"column":47}},"8":{"start":{"line":45,"column":0},"end":{"line":45,"column":22}}},"fnMap":{"0":{"name":"(anonymous_0)","decl":{"start":{"line":37,"column":23},"end":{"line":37,"column":24}},"loc":{"start":{"line":37,"column":39},"end":{"line":41,"column":1}},"line":37}},"branchMap":{},"s":{"0":1,"1":1,"2":1,"3":1,"4":1,"5":1,"6":1,"7":1,"8":1},"f":{"0":1},"b":{},"_coverageSchema":"1a1c01bbd47fc00a2c39e90264f33305004495a9","hash":"fdfaafbb2176a441e4ec4451a9bccd9a8ad395b1"}
,"C:\\Users\\ASUS\\Documents\\gardenia-fox\\PHASE-3\\WEEK-3\\Final-Project\\Server\\routers\\index.js": {"path":"C:\\Users\\ASUS\\Documents\\gardenia-fox\\PHASE-3\\WEEK-3\\Final-Project\\Server\\routers\\index.js","statementMap":{"0":{"start":{"line":1,"column":19},"end":{"line":1,"column":44}},"1":{"start":{"line":2,"column":15},"end":{"line":2,"column":42}},"2":{"start":{"line":3,"column":23},"end":{"line":3,"column":43}},"3":{"start":{"line":4,"column":22},"end":{"line":4,"column":42}},"4":{"start":{"line":6,"column":0},"end":{"line":6,"column":33}},"5":{"start":{"line":8,"column":0},"end":{"line":8,"column":40}},"6":{"start":{"line":9,"column":0},"end":{"line":9,"column":39}},"7":{"start":{"line":11,"column":0},"end":{"line":11,"column":24}}},"fnMap":{},"branchMap":{},"s":{"0":1,"1":1,"2":1,"3":1,"4":1,"5":1,"6":1,"7":1},"f":{},"b":{},"_coverageSchema":"1a1c01bbd47fc00a2c39e90264f33305004495a9","hash":"5e1f47e16e4497f9967ebb35eab5b4fa71a14aac"}
,"C:\\Users\\ASUS\\Documents\\gardenia-fox\\PHASE-3\\WEEK-3\\Final-Project\\Server\\routers\\student.js": {"path":"C:\\Users\\ASUS\\Documents\\gardenia-fox\\PHASE-3\\WEEK-3\\Final-Project\\Server\\routers\\student.js","statementMap":{"0":{"start":{"line":1,"column":26},"end":{"line":1,"column":69}},"1":{"start":{"line":2,"column":23},"end":{"line":2,"column":71}},"2":{"start":{"line":3,"column":19},"end":{"line":3,"column":51}},"3":{"start":{"line":4,"column":23},"end":{"line":4,"column":50}},"4":{"start":{"line":6,"column":0},"end":{"line":6,"column":55}},"5":{"start":{"line":7,"column":0},"end":{"line":7,"column":64}},"6":{"start":{"line":8,"column":0},"end":{"line":8,"column":61}},"7":{"start":{"line":9,"column":0},"end":{"line":9,"column":57}},"8":{"start":{"line":11,"column":0},"end":{"line":11,"column":35}},"9":{"start":{"line":13,"column":0},"end":{"line":13,"column":55}},"10":{"start":{"line":14,"column":0},"end":{"line":14,"column":69}},"11":{"start":{"line":15,"column":0},"end":{"line":15,"column":57}},"12":{"start":{"line":16,"column":0},"end":{"line":16,"column":68}},"13":{"start":{"line":17,"column":0},"end":{"line":17,"column":75}},"14":{"start":{"line":18,"column":0},"end":{"line":22,"column":2}},"15":{"start":{"line":23,"column":0},"end":{"line":23,"column":61}},"16":{"start":{"line":24,"column":0},"end":{"line":24,"column":76}},"17":{"start":{"line":26,"column":0},"end":{"line":26,"column":32}}},"fnMap":{},"branchMap":{},"s":{"0":1,"1":1,"2":1,"3":1,"4":1,"5":1,"6":1,"7":1,"8":1,"9":1,"10":1,"11":1,"12":1,"13":1,"14":1,"15":1,"16":1,"17":1},"f":{},"b":{},"_coverageSchema":"1a1c01bbd47fc00a2c39e90264f33305004495a9","hash":"1c6000902e36acf02dcbf7f2cf31f5a795785c14"}
,"C:\\Users\\ASUS\\Documents\\gardenia-fox\\PHASE-3\\WEEK-3\\Final-Project\\Server\\routers\\teacher.js": {"path":"C:\\Users\\ASUS\\Documents\\gardenia-fox\\PHASE-3\\WEEK-3\\Final-Project\\Server\\routers\\teacher.js","statementMap":{"0":{"start":{"line":1,"column":26},"end":{"line":1,"column":69}},"1":{"start":{"line":2,"column":23},"end":{"line":2,"column":71}},"2":{"start":{"line":4,"column":22},"end":{"line":4,"column":49}},"3":{"start":{"line":6,"column":0},"end":{"line":6,"column":54}},"4":{"start":{"line":7,"column":0},"end":{"line":7,"column":63}},"5":{"start":{"line":8,"column":0},"end":{"line":8,"column":60}},"6":{"start":{"line":12,"column":0},"end":{"line":12,"column":58}},"7":{"start":{"line":13,"column":0},"end":{"line":13,"column":60}},"8":{"start":{"line":14,"column":0},"end":{"line":14,"column":68}},"9":{"start":{"line":15,"column":0},"end":{"line":15,"column":71}},"10":{"start":{"line":16,"column":0},"end":{"line":16,"column":60}},"11":{"start":{"line":17,"column":0},"end":{"line":17,"column":71}},"12":{"start":{"line":18,"column":0},"end":{"line":18,"column":78}},"13":{"start":{"line":20,"column":0},"end":{"line":20,"column":31}}},"fnMap":{},"branchMap":{},"s":{"0":1,"1":1,"2":1,"3":1,"4":1,"5":1,"6":1,"7":1,"8":1,"9":1,"10":1,"11":1,"12":1,"13":1},"f":{},"b":{},"_coverageSchema":"1a1c01bbd47fc00a2c39e90264f33305004495a9","hash":"a38ce4b86e8a92dbe33a395cd5c75b60f0a32fa0"}
}
