{"C:\\Users\\Linggar Rehandhana\\Documents\\Linggar\\Bootcamp Hacktiv8\\P3\\ClassMate\\Server\\app.js": {"path":"C:\\Users\\Linggar Rehandhana\\Documents\\Linggar\\Bootcamp Hacktiv8\\P3\\ClassMate\\Server\\app.js","statementMap":{"0":{"start":{"line":1,"column":16},"end":{"line":1,"column":34}},"1":{"start":{"line":2,"column":12},"end":{"line":2,"column":21}},"2":{"start":{"line":3,"column":13},"end":{"line":3,"column":28}},"3":{"start":{"line":4,"column":13},"end":{"line":4,"column":37}},"4":{"start":{"line":5,"column":15},"end":{"line":5,"column":35}},"5":{"start":{"line":6,"column":21},"end":{"line":6,"column":58}},"6":{"start":{"line":7,"column":0},"end":{"line":7,"column":24}},"7":{"start":{"line":9,"column":0},"end":{"line":9,"column":48}},"8":{"start":{"line":10,"column":0},"end":{"line":10,"column":30}},"9":{"start":{"line":11,"column":0},"end":{"line":11,"column":16}},"10":{"start":{"line":12,"column":0},"end":{"line":12,"column":24}},"11":{"start":{"line":13,"column":0},"end":{"line":13,"column":16}},"12":{"start":{"line":14,"column":0},"end":{"line":14,"column":22}},"13":{"start":{"line":18,"column":0},"end":{"line":18,"column":21}}},"fnMap":{},"branchMap":{"0":{"loc":{"start":{"line":4,"column":13},"end":{"line":4,"column":37}},"type":"binary-expr","locations":[{"start":{"line":4,"column":13},"end":{"line":4,"column":29}},{"start":{"line":4,"column":33},"end":{"line":4,"column":37}}],"line":4}},"s":{"0":2,"1":2,"2":2,"3":2,"4":2,"5":2,"6":2,"7":2,"8":2,"9":2,"10":2,"11":2,"12":2,"13":2},"f":{},"b":{"0":[2,2]},"_coverageSchema":"1a1c01bbd47fc00a2c39e90264f33305004495a9","hash":"df31f8c47dd3540e987c084ed4eb9f762fb9f346"}
,"C:\\Users\\Linggar Rehandhana\\Documents\\Linggar\\Bootcamp Hacktiv8\\P3\\ClassMate\\Server\\connection\\index.js": {"path":"C:\\Users\\Linggar Rehandhana\\Documents\\Linggar\\Bootcamp Hacktiv8\\P3\\ClassMate\\Server\\connection\\index.js","statementMap":{"0":{"start":{"line":1,"column":17},"end":{"line":1,"column":36}},"1":{"start":{"line":2,"column":0},"end":{"line":4,"column":1}},"2":{"start":{"line":3,"column":2},"end":{"line":3,"column":29}},"3":{"start":{"line":6,"column":14},"end":{"line":12,"column":35}},"4":{"start":{"line":11,"column":14},"end":{"line":11,"column":47}},"5":{"start":{"line":12,"column":18},"end":{"line":12,"column":34}},"6":{"start":{"line":14,"column":0},"end":{"line":14,"column":25}}},"fnMap":{"0":{"name":"(anonymous_0)","decl":{"start":{"line":11,"column":8},"end":{"line":11,"column":9}},"loc":{"start":{"line":11,"column":14},"end":{"line":11,"column":47}},"line":11},"1":{"name":"(anonymous_1)","decl":{"start":{"line":12,"column":9},"end":{"line":12,"column":10}},"loc":{"start":{"line":12,"column":18},"end":{"line":12,"column":34}},"line":12}},"branchMap":{"0":{"loc":{"start":{"line":2,"column":0},"end":{"line":4,"column":1}},"type":"if","locations":[{"start":{"line":2,"column":0},"end":{"line":4,"column":1}},{"start":{},"end":{}}],"line":2}},"s":{"0":2,"1":2,"2":2,"3":2,"4":2,"5":0,"6":2},"f":{"0":2,"1":0},"b":{"0":[2,0]},"_coverageSchema":"1a1c01bbd47fc00a2c39e90264f33305004495a9","hash":"ff8856258793d327c9c368c6096cb3c99531f11c"}
,"C:\\Users\\Linggar Rehandhana\\Documents\\Linggar\\Bootcamp Hacktiv8\\P3\\ClassMate\\Server\\controllers\\StudentController.js": {"path":"C:\\Users\\Linggar Rehandhana\\Documents\\Linggar\\Bootcamp Hacktiv8\\P3\\ClassMate\\Server\\controllers\\StudentController.js","statementMap":{"0":{"start":{"line":1,"column":33},"end":{"line":1,"column":64}},"1":{"start":{"line":2,"column":19},"end":{"line":2,"column":71}},"2":{"start":{"line":3,"column":15},"end":{"line":3,"column":43}},"3":{"start":{"line":4,"column":13},"end":{"line":4,"column":39}},"4":{"start":{"line":5,"column":14},"end":{"line":5,"column":41}},"5":{"start":{"line":6,"column":13},"end":{"line":6,"column":38}},"6":{"start":{"line":7,"column":25},"end":{"line":7,"column":55}},"7":{"start":{"line":8,"column":19},"end":{"line":8,"column":50}},"8":{"start":{"line":9,"column":14},"end":{"line":9,"column":40}},"9":{"start":{"line":10,"column":22},"end":{"line":10,"column":56}},"10":{"start":{"line":11,"column":21},"end":{"line":11,"column":39}},"11":{"start":{"line":13,"column":15},"end":{"line":13,"column":51}},"12":{"start":{"line":15,"column":0},"end":{"line":203,"column":2}},"13":{"start":{"line":18,"column":4},"end":{"line":24,"column":5}},"14":{"start":{"line":19,"column":23},"end":{"line":19,"column":72}},"15":{"start":{"line":21,"column":6},"end":{"line":21,"column":66}},"16":{"start":{"line":23,"column":6},"end":{"line":23,"column":16}},"17":{"start":{"line":28,"column":4},"end":{"line":54,"column":5}},"18":{"start":{"line":29,"column":32},"end":{"line":29,"column":40}},"19":{"start":{"line":31,"column":6},"end":{"line":33,"column":7}},"20":{"start":{"line":32,"column":8},"end":{"line":32,"column":63}},"21":{"start":{"line":35,"column":17},"end":{"line":35,"column":46}},"22":{"start":{"line":36,"column":6},"end":{"line":38,"column":7}},"23":{"start":{"line":37,"column":8},"end":{"line":37,"column":54}},"24":{"start":{"line":40,"column":6},"end":{"line":42,"column":7}},"25":{"start":{"line":41,"column":8},"end":{"line":41,"column":53}},"26":{"start":{"line":43,"column":18},"end":{"line":43,"column":54}},"27":{"start":{"line":45,"column":6},"end":{"line":47,"column":7}},"28":{"start":{"line":46,"column":8},"end":{"line":46,"column":54}},"29":{"start":{"line":49,"column":25},"end":{"line":49,"column":55}},"30":{"start":{"line":51,"column":6},"end":{"line":51,"column":62}},"31":{"start":{"line":53,"column":6},"end":{"line":53,"column":16}},"32":{"start":{"line":58,"column":4},"end":{"line":83,"column":5}},"33":{"start":{"line":59,"column":54},"end":{"line":59,"column":62}},"34":{"start":{"line":61,"column":6},"end":{"line":63,"column":7}},"35":{"start":{"line":62,"column":8},"end":{"line":62,"column":64}},"36":{"start":{"line":65,"column":6},"end":{"line":65,"column":39}},"37":{"start":{"line":67,"column":17},"end":{"line":74,"column":8}},"38":{"start":{"line":76,"column":28},"end":{"line":76,"column":45}},"39":{"start":{"line":78,"column":25},"end":{"line":78,"column":66}},"40":{"start":{"line":80,"column":6},"end":{"line":80,"column":73}},"41":{"start":{"line":82,"column":6},"end":{"line":82,"column":16}},"42":{"start":{"line":87,"column":4},"end":{"line":114,"column":5}},"43":{"start":{"line":88,"column":21},"end":{"line":88,"column":59}},"44":{"start":{"line":90,"column":21},"end":{"line":93,"column":8}},"45":{"start":{"line":94,"column":22},"end":{"line":94,"column":41}},"46":{"start":{"line":96,"column":21},"end":{"line":105,"column":8}},"47":{"start":{"line":106,"column":32},"end":{"line":108,"column":7}},"48":{"start":{"line":110,"column":27},"end":{"line":110,"column":57}},"49":{"start":{"line":111,"column":6},"end":{"line":111,"column":51}},"50":{"start":{"line":113,"column":6},"end":{"line":113,"column":16}},"51":{"start":{"line":118,"column":4},"end":{"line":132,"column":5}},"52":{"start":{"line":119,"column":18},"end":{"line":122,"column":8}},"53":{"start":{"line":124,"column":21},"end":{"line":127,"column":8}},"54":{"start":{"line":125,"column":8},"end":{"line":125,"column":32}},"55":{"start":{"line":126,"column":8},"end":{"line":126,"column":18}},"56":{"start":{"line":129,"column":6},"end":{"line":129,"column":37}},"57":{"start":{"line":131,"column":6},"end":{"line":131,"column":16}},"58":{"start":{"line":136,"column":4},"end":{"line":144,"column":5}},"59":{"start":{"line":137,"column":17},"end":{"line":137,"column":77}},"60":{"start":{"line":138,"column":6},"end":{"line":138,"column":24}},"61":{"start":{"line":139,"column":6},"end":{"line":139,"column":32}},"62":{"start":{"line":141,"column":6},"end":{"line":141,"column":33}},"63":{"start":{"line":143,"column":6},"end":{"line":143,"column":16}},"64":{"start":{"line":148,"column":4},"end":{"line":153,"column":5}},"65":{"start":{"line":149,"column":24},"end":{"line":149,"column":47}},"66":{"start":{"line":150,"column":6},"end":{"line":150,"column":40}},"67":{"start":{"line":152,"column":6},"end":{"line":152,"column":16}},"68":{"start":{"line":157,"column":4},"end":{"line":166,"column":5}},"69":{"start":{"line":158,"column":16},"end":{"line":158,"column":29}},"70":{"start":{"line":159,"column":27},"end":{"line":161,"column":35}},"71":{"start":{"line":163,"column":6},"end":{"line":163,"column":43}},"72":{"start":{"line":165,"column":6},"end":{"line":165,"column":16}},"73":{"start":{"line":170,"column":4},"end":{"line":182,"column":5}},"74":{"start":{"line":171,"column":16},"end":{"line":171,"column":28}},"75":{"start":{"line":173,"column":6},"end":{"line":175,"column":7}},"76":{"start":{"line":174,"column":8},"end":{"line":174,"column":51}},"77":{"start":{"line":177,"column":27},"end":{"line":177,"column":69}},"78":{"start":{"line":179,"column":6},"end":{"line":179,"column":43}},"79":{"start":{"line":181,"column":6},"end":{"line":181,"column":16}},"80":{"start":{"line":186,"column":4},"end":{"line":201,"column":5}},"81":{"start":{"line":187,"column":16},"end":{"line":187,"column":29}},"82":{"start":{"line":189,"column":6},"end":{"line":191,"column":7}},"83":{"start":{"line":190,"column":8},"end":{"line":190,"column":51}},"84":{"start":{"line":193,"column":26},"end":{"line":195,"column":28}},"85":{"start":{"line":198,"column":6},"end":{"line":198,"column":42}},"86":{"start":{"line":200,"column":6},"end":{"line":200,"column":16}}},"fnMap":{"0":{"name":"(anonymous_0)","decl":{"start":{"line":16,"column":2},"end":{"line":16,"column":3}},"loc":{"start":{"line":16,"column":22},"end":{"line":16,"column":24}},"line":16},"1":{"name":"(anonymous_1)","decl":{"start":{"line":17,"column":2},"end":{"line":17,"column":3}},"loc":{"start":{"line":17,"column":43},"end":{"line":25,"column":3}},"line":17},"2":{"name":"(anonymous_2)","decl":{"start":{"line":27,"column":2},"end":{"line":27,"column":3}},"loc":{"start":{"line":27,"column":37},"end":{"line":55,"column":3}},"line":27},"3":{"name":"(anonymous_3)","decl":{"start":{"line":57,"column":2},"end":{"line":57,"column":3}},"loc":{"start":{"line":57,"column":40},"end":{"line":84,"column":3}},"line":57},"4":{"name":"(anonymous_4)","decl":{"start":{"line":86,"column":2},"end":{"line":86,"column":3}},"loc":{"start":{"line":86,"column":43},"end":{"line":115,"column":3}},"line":86},"5":{"name":"(anonymous_5)","decl":{"start":{"line":117,"column":2},"end":{"line":117,"column":3}},"loc":{"start":{"line":117,"column":43},"end":{"line":133,"column":3}},"line":117},"6":{"name":"(anonymous_6)","decl":{"start":{"line":124,"column":31},"end":{"line":124,"column":32}},"loc":{"start":{"line":124,"column":39},"end":{"line":127,"column":7}},"line":124},"7":{"name":"(anonymous_7)","decl":{"start":{"line":135,"column":2},"end":{"line":135,"column":3}},"loc":{"start":{"line":135,"column":46},"end":{"line":145,"column":3}},"line":135},"8":{"name":"(anonymous_8)","decl":{"start":{"line":147,"column":2},"end":{"line":147,"column":3}},"loc":{"start":{"line":147,"column":46},"end":{"line":154,"column":3}},"line":147},"9":{"name":"(anonymous_9)","decl":{"start":{"line":156,"column":2},"end":{"line":156,"column":3}},"loc":{"start":{"line":156,"column":49},"end":{"line":167,"column":3}},"line":156},"10":{"name":"(anonymous_10)","decl":{"start":{"line":169,"column":2},"end":{"line":169,"column":3}},"loc":{"start":{"line":169,"column":49},"end":{"line":183,"column":3}},"line":169},"11":{"name":"(anonymous_11)","decl":{"start":{"line":185,"column":2},"end":{"line":185,"column":3}},"loc":{"start":{"line":185,"column":52},"end":{"line":202,"column":3}},"line":185}},"branchMap":{"0":{"loc":{"start":{"line":31,"column":6},"end":{"line":33,"column":7}},"type":"if","locations":[{"start":{"line":31,"column":6},"end":{"line":33,"column":7}},{"start":{},"end":{}}],"line":31},"1":{"loc":{"start":{"line":31,"column":10},"end":{"line":31,"column":29}},"type":"binary-expr","locations":[{"start":{"line":31,"column":10},"end":{"line":31,"column":16}},{"start":{"line":31,"column":20},"end":{"line":31,"column":29}}],"line":31},"2":{"loc":{"start":{"line":36,"column":6},"end":{"line":38,"column":7}},"type":"if","locations":[{"start":{"line":36,"column":6},"end":{"line":38,"column":7}},{"start":{},"end":{}}],"line":36},"3":{"loc":{"start":{"line":40,"column":6},"end":{"line":42,"column":7}},"type":"if","locations":[{"start":{"line":40,"column":6},"end":{"line":42,"column":7}},{"start":{},"end":{}}],"line":40},"4":{"loc":{"start":{"line":45,"column":6},"end":{"line":47,"column":7}},"type":"if","locations":[{"start":{"line":45,"column":6},"end":{"line":47,"column":7}},{"start":{},"end":{}}],"line":45},"5":{"loc":{"start":{"line":61,"column":6},"end":{"line":63,"column":7}},"type":"if","locations":[{"start":{"line":61,"column":6},"end":{"line":63,"column":7}},{"start":{},"end":{}}],"line":61},"6":{"loc":{"start":{"line":61,"column":10},"end":{"line":61,"column":38}},"type":"binary-expr","locations":[{"start":{"line":61,"column":10},"end":{"line":61,"column":16}},{"start":{"line":61,"column":20},"end":{"line":61,"column":25}},{"start":{"line":61,"column":29},"end":{"line":61,"column":38}}],"line":61},"7":{"loc":{"start":{"line":173,"column":6},"end":{"line":175,"column":7}},"type":"if","locations":[{"start":{"line":173,"column":6},"end":{"line":175,"column":7}},{"start":{},"end":{}}],"line":173},"8":{"loc":{"start":{"line":189,"column":6},"end":{"line":191,"column":7}},"type":"if","locations":[{"start":{"line":189,"column":6},"end":{"line":191,"column":7}},{"start":{},"end":{}}],"line":189}},"s":{"0":2,"1":2,"2":2,"3":2,"4":2,"5":2,"6":2,"7":2,"8":2,"9":2,"10":2,"11":2,"12":2,"13":0,"14":0,"15":0,"16":0,"17":0,"18":0,"19":0,"20":0,"21":0,"22":0,"23":0,"24":0,"25":0,"26":0,"27":0,"28":0,"29":0,"30":0,"31":0,"32":0,"33":0,"34":0,"35":0,"36":0,"37":0,"38":0,"39":0,"40":0,"41":0,"42":0,"43":0,"44":0,"45":0,"46":0,"47":0,"48":0,"49":0,"50":0,"51":0,"52":0,"53":0,"54":0,"55":0,"56":0,"57":0,"58":0,"59":0,"60":0,"61":0,"62":0,"63":0,"64":0,"65":0,"66":0,"67":0,"68":0,"69":0,"70":0,"71":0,"72":0,"73":0,"74":0,"75":0,"76":0,"77":0,"78":0,"79":0,"80":0,"81":0,"82":0,"83":0,"84":0,"85":0,"86":0},"f":{"0":0,"1":0,"2":0,"3":0,"4":0,"5":0,"6":0,"7":0,"8":0,"9":0,"10":0,"11":0},"b":{"0":[0,0],"1":[0,0],"2":[0,0],"3":[0,0],"4":[0,0],"5":[0,0],"6":[0,0,0],"7":[0,0],"8":[0,0]},"_coverageSchema":"1a1c01bbd47fc00a2c39e90264f33305004495a9","hash":"472563e224547c7603a9ab16f252861444769f68"}
,"C:\\Users\\Linggar Rehandhana\\Documents\\Linggar\\Bootcamp Hacktiv8\\P3\\ClassMate\\Server\\controllers\\TeacherController.js": {"path":"C:\\Users\\Linggar Rehandhana\\Documents\\Linggar\\Bootcamp Hacktiv8\\P3\\ClassMate\\Server\\controllers\\TeacherController.js","statementMap":{"0":{"start":{"line":1,"column":15},"end":{"line":1,"column":43}},"1":{"start":{"line":2,"column":13},"end":{"line":2,"column":38}},"2":{"start":{"line":3,"column":13},"end":{"line":3,"column":39}},"3":{"start":{"line":4,"column":14},"end":{"line":4,"column":41}},"4":{"start":{"line":5,"column":25},"end":{"line":5,"column":55}},"5":{"start":{"line":6,"column":19},"end":{"line":6,"column":71}},"6":{"start":{"line":7,"column":14},"end":{"line":7,"column":40}},"7":{"start":{"line":8,"column":19},"end":{"line":8,"column":50}},"8":{"start":{"line":9,"column":30},"end":{"line":9,"column":49}},"9":{"start":{"line":10,"column":17},"end":{"line":10,"column":46}},"10":{"start":{"line":12,"column":0},"end":{"line":238,"column":2}},"11":{"start":{"line":14,"column":4},"end":{"line":41,"column":5}},"12":{"start":{"line":15,"column":32},"end":{"line":15,"column":40}},"13":{"start":{"line":17,"column":6},"end":{"line":19,"column":7}},"14":{"start":{"line":18,"column":8},"end":{"line":18,"column":63}},"15":{"start":{"line":21,"column":17},"end":{"line":21,"column":46}},"16":{"start":{"line":22,"column":6},"end":{"line":24,"column":7}},"17":{"start":{"line":23,"column":8},"end":{"line":23,"column":54}},"18":{"start":{"line":26,"column":6},"end":{"line":28,"column":7}},"19":{"start":{"line":27,"column":8},"end":{"line":27,"column":53}},"20":{"start":{"line":30,"column":18},"end":{"line":30,"column":54}},"21":{"start":{"line":32,"column":6},"end":{"line":34,"column":7}},"22":{"start":{"line":33,"column":8},"end":{"line":33,"column":54}},"23":{"start":{"line":36,"column":25},"end":{"line":36,"column":55}},"24":{"start":{"line":38,"column":6},"end":{"line":38,"column":62}},"25":{"start":{"line":40,"column":6},"end":{"line":40,"column":16}},"26":{"start":{"line":45,"column":4},"end":{"line":68,"column":5}},"27":{"start":{"line":46,"column":47},"end":{"line":46,"column":55}},"28":{"start":{"line":48,"column":6},"end":{"line":50,"column":7}},"29":{"start":{"line":49,"column":8},"end":{"line":49,"column":64}},"30":{"start":{"line":51,"column":6},"end":{"line":51,"column":39}},"31":{"start":{"line":53,"column":17},"end":{"line":59,"column":8}},"32":{"start":{"line":61,"column":28},"end":{"line":61,"column":45}},"33":{"start":{"line":63,"column":25},"end":{"line":63,"column":66}},"34":{"start":{"line":65,"column":6},"end":{"line":65,"column":73}},"35":{"start":{"line":67,"column":6},"end":{"line":67,"column":16}},"36":{"start":{"line":72,"column":4},"end":{"line":102,"column":5}},"37":{"start":{"line":73,"column":31},"end":{"line":73,"column":42}},"38":{"start":{"line":74,"column":21},"end":{"line":74,"column":59}},"39":{"start":{"line":75,"column":21},"end":{"line":80,"column":8}},"40":{"start":{"line":81,"column":22},"end":{"line":81,"column":41}},"41":{"start":{"line":82,"column":21},"end":{"line":82,"column":45}},"42":{"start":{"line":83,"column":21},"end":{"line":90,"column":7}},"43":{"start":{"line":92,"column":22},"end":{"line":92,"column":76}},"44":{"start":{"line":94,"column":21},"end":{"line":94,"column":73}},"45":{"start":{"line":95,"column":19},"end":{"line":95,"column":36}},"46":{"start":{"line":98,"column":27},"end":{"line":98,"column":55}},"47":{"start":{"line":99,"column":6},"end":{"line":99,"column":45}},"48":{"start":{"line":101,"column":6},"end":{"line":101,"column":16}},"49":{"start":{"line":106,"column":4},"end":{"line":115,"column":5}},"50":{"start":{"line":107,"column":21},"end":{"line":110,"column":29}},"51":{"start":{"line":112,"column":6},"end":{"line":112,"column":37}},"52":{"start":{"line":114,"column":6},"end":{"line":114,"column":16}},"53":{"start":{"line":119,"column":4},"end":{"line":125,"column":5}},"54":{"start":{"line":120,"column":24},"end":{"line":120,"column":47}},"55":{"start":{"line":122,"column":6},"end":{"line":122,"column":40}},"56":{"start":{"line":124,"column":6},"end":{"line":124,"column":16}},"57":{"start":{"line":129,"column":4},"end":{"line":139,"column":5}},"58":{"start":{"line":130,"column":16},"end":{"line":130,"column":29}},"59":{"start":{"line":132,"column":27},"end":{"line":134,"column":7}},"60":{"start":{"line":136,"column":6},"end":{"line":136,"column":43}},"61":{"start":{"line":138,"column":6},"end":{"line":138,"column":16}},"62":{"start":{"line":143,"column":20},"end":{"line":143,"column":49}},"63":{"start":{"line":144,"column":4},"end":{"line":188,"column":5}},"64":{"start":{"line":145,"column":6},"end":{"line":145,"column":33}},"65":{"start":{"line":147,"column":8},"end":{"line":147,"column":16}},"66":{"start":{"line":149,"column":6},"end":{"line":158,"column":7}},"67":{"start":{"line":154,"column":8},"end":{"line":157,"column":10}},"68":{"start":{"line":160,"column":6},"end":{"line":162,"column":7}},"69":{"start":{"line":161,"column":8},"end":{"line":161,"column":71}},"70":{"start":{"line":164,"column":26},"end":{"line":164,"column":38}},"71":{"start":{"line":166,"column":28},"end":{"line":166,"column":64}},"72":{"start":{"line":168,"column":30},"end":{"line":175,"column":8}},"73":{"start":{"line":179,"column":6},"end":{"line":179,"column":40}},"74":{"start":{"line":180,"column":6},"end":{"line":180,"column":27}},"75":{"start":{"line":182,"column":6},"end":{"line":182,"column":46}},"76":{"start":{"line":184,"column":6},"end":{"line":184,"column":39}},"77":{"start":{"line":185,"column":6},"end":{"line":185,"column":27}},"78":{"start":{"line":186,"column":6},"end":{"line":186,"column":23}},"79":{"start":{"line":187,"column":6},"end":{"line":187,"column":16}},"80":{"start":{"line":193,"column":4},"end":{"line":212,"column":5}},"81":{"start":{"line":194,"column":50},"end":{"line":194,"column":58}},"82":{"start":{"line":196,"column":6},"end":{"line":198,"column":7}},"83":{"start":{"line":197,"column":8},"end":{"line":197,"column":66}},"84":{"start":{"line":200,"column":6},"end":{"line":207,"column":9}},"85":{"start":{"line":209,"column":6},"end":{"line":209,"column":77}},"86":{"start":{"line":211,"column":6},"end":{"line":211,"column":16}},"87":{"start":{"line":216,"column":4},"end":{"line":226,"column":5}},"88":{"start":{"line":217,"column":20},"end":{"line":217,"column":33}},"89":{"start":{"line":218,"column":24},"end":{"line":221,"column":29}},"90":{"start":{"line":223,"column":6},"end":{"line":223,"column":40}},"91":{"start":{"line":225,"column":6},"end":{"line":225,"column":16}},"92":{"start":{"line":230,"column":4},"end":{"line":236,"column":5}},"93":{"start":{"line":231,"column":15},"end":{"line":231,"column":28}},"94":{"start":{"line":232,"column":6},"end":{"line":232,"column":45}},"95":{"start":{"line":233,"column":6},"end":{"line":233,"column":70}},"96":{"start":{"line":235,"column":6},"end":{"line":235,"column":16}}},"fnMap":{"0":{"name":"(anonymous_0)","decl":{"start":{"line":13,"column":2},"end":{"line":13,"column":3}},"loc":{"start":{"line":13,"column":37},"end":{"line":42,"column":3}},"line":13},"1":{"name":"(anonymous_1)","decl":{"start":{"line":44,"column":2},"end":{"line":44,"column":3}},"loc":{"start":{"line":44,"column":40},"end":{"line":69,"column":3}},"line":44},"2":{"name":"(anonymous_2)","decl":{"start":{"line":71,"column":2},"end":{"line":71,"column":3}},"loc":{"start":{"line":71,"column":43},"end":{"line":103,"column":3}},"line":71},"3":{"name":"(anonymous_3)","decl":{"start":{"line":105,"column":2},"end":{"line":105,"column":3}},"loc":{"start":{"line":105,"column":42},"end":{"line":116,"column":3}},"line":105},"4":{"name":"(anonymous_4)","decl":{"start":{"line":118,"column":2},"end":{"line":118,"column":3}},"loc":{"start":{"line":118,"column":46},"end":{"line":126,"column":3}},"line":118},"5":{"name":"(anonymous_5)","decl":{"start":{"line":128,"column":2},"end":{"line":128,"column":3}},"loc":{"start":{"line":128,"column":45},"end":{"line":140,"column":3}},"line":128},"6":{"name":"(anonymous_6)","decl":{"start":{"line":142,"column":2},"end":{"line":142,"column":3}},"loc":{"start":{"line":142,"column":48},"end":{"line":189,"column":3}},"line":142},"7":{"name":"(anonymous_7)","decl":{"start":{"line":191,"column":2},"end":{"line":191,"column":3}},"loc":{"start":{"line":191,"column":43},"end":{"line":213,"column":3}},"line":191},"8":{"name":"(anonymous_8)","decl":{"start":{"line":215,"column":2},"end":{"line":215,"column":3}},"loc":{"start":{"line":215,"column":40},"end":{"line":227,"column":3}},"line":215},"9":{"name":"(anonymous_9)","decl":{"start":{"line":229,"column":2},"end":{"line":229,"column":3}},"loc":{"start":{"line":229,"column":49},"end":{"line":237,"column":3}},"line":229}},"branchMap":{"0":{"loc":{"start":{"line":17,"column":6},"end":{"line":19,"column":7}},"type":"if","locations":[{"start":{"line":17,"column":6},"end":{"line":19,"column":7}},{"start":{},"end":{}}],"line":17},"1":{"loc":{"start":{"line":17,"column":10},"end":{"line":17,"column":29}},"type":"binary-expr","locations":[{"start":{"line":17,"column":10},"end":{"line":17,"column":16}},{"start":{"line":17,"column":20},"end":{"line":17,"column":29}}],"line":17},"2":{"loc":{"start":{"line":22,"column":6},"end":{"line":24,"column":7}},"type":"if","locations":[{"start":{"line":22,"column":6},"end":{"line":24,"column":7}},{"start":{},"end":{}}],"line":22},"3":{"loc":{"start":{"line":26,"column":6},"end":{"line":28,"column":7}},"type":"if","locations":[{"start":{"line":26,"column":6},"end":{"line":28,"column":7}},{"start":{},"end":{}}],"line":26},"4":{"loc":{"start":{"line":32,"column":6},"end":{"line":34,"column":7}},"type":"if","locations":[{"start":{"line":32,"column":6},"end":{"line":34,"column":7}},{"start":{},"end":{}}],"line":32},"5":{"loc":{"start":{"line":48,"column":6},"end":{"line":50,"column":7}},"type":"if","locations":[{"start":{"line":48,"column":6},"end":{"line":50,"column":7}},{"start":{},"end":{}}],"line":48},"6":{"loc":{"start":{"line":48,"column":10},"end":{"line":48,"column":29}},"type":"binary-expr","locations":[{"start":{"line":48,"column":10},"end":{"line":48,"column":16}},{"start":{"line":48,"column":20},"end":{"line":48,"column":29}}],"line":48},"7":{"loc":{"start":{"line":149,"column":6},"end":{"line":158,"column":7}},"type":"if","locations":[{"start":{"line":149,"column":6},"end":{"line":158,"column":7}},{"start":{},"end":{}}],"line":149},"8":{"loc":{"start":{"line":150,"column":8},"end":{"line":152,"column":42}},"type":"binary-expr","locations":[{"start":{"line":150,"column":8},"end":{"line":150,"column":21}},{"start":{"line":151,"column":8},"end":{"line":151,"column":31}},{"start":{"line":152,"column":8},"end":{"line":152,"column":42}}],"line":150},"9":{"loc":{"start":{"line":160,"column":6},"end":{"line":162,"column":7}},"type":"if","locations":[{"start":{"line":160,"column":6},"end":{"line":162,"column":7}},{"start":{},"end":{}}],"line":160},"10":{"loc":{"start":{"line":160,"column":10},"end":{"line":160,"column":71}},"type":"binary-expr","locations":[{"start":{"line":160,"column":10},"end":{"line":160,"column":15}},{"start":{"line":160,"column":19},"end":{"line":160,"column":27}},{"start":{"line":160,"column":31},"end":{"line":160,"column":39}},{"start":{"line":160,"column":43},"end":{"line":160,"column":52}},{"start":{"line":160,"column":56},"end":{"line":160,"column":71}}],"line":160},"11":{"loc":{"start":{"line":196,"column":6},"end":{"line":198,"column":7}},"type":"if","locations":[{"start":{"line":196,"column":6},"end":{"line":198,"column":7}},{"start":{},"end":{}}],"line":196},"12":{"loc":{"start":{"line":196,"column":10},"end":{"line":196,"column":53}},"type":"binary-expr","locations":[{"start":{"line":196,"column":10},"end":{"line":196,"column":15}},{"start":{"line":196,"column":19},"end":{"line":196,"column":28}},{"start":{"line":196,"column":32},"end":{"line":196,"column":41}},{"start":{"line":196,"column":45},"end":{"line":196,"column":53}}],"line":196}},"s":{"0":2,"1":2,"2":2,"3":2,"4":2,"5":2,"6":2,"7":2,"8":2,"9":2,"10":2,"11":7,"12":7,"13":7,"14":4,"15":3,"16":3,"17":1,"18":2,"19":0,"20":2,"21":2,"22":1,"23":1,"24":1,"25":6,"26":6,"27":6,"28":6,"29":4,"30":2,"31":2,"32":2,"33":0,"34":0,"35":6,"36":0,"37":0,"38":0,"39":0,"40":0,"41":0,"42":0,"43":0,"44":0,"45":0,"46":0,"47":0,"48":0,"49":1,"50":1,"51":1,"52":0,"53":1,"54":1,"55":1,"56":0,"57":2,"58":2,"59":2,"60":1,"61":1,"62":0,"63":0,"64":0,"65":0,"66":0,"67":0,"68":0,"69":0,"70":0,"71":0,"72":0,"73":0,"74":0,"75":0,"76":0,"77":0,"78":0,"79":0,"80":0,"81":0,"82":0,"83":0,"84":0,"85":0,"86":0,"87":2,"88":2,"89":2,"90":1,"91":1,"92":0,"93":0,"94":0,"95":0,"96":0},"f":{"0":7,"1":6,"2":0,"3":1,"4":1,"5":2,"6":0,"7":0,"8":2,"9":0},"b":{"0":[4,3],"1":[7,5],"2":[1,2],"3":[0,2],"4":[1,1],"5":[4,2],"6":[6,4],"7":[0,0],"8":[0,0,0],"9":[0,0],"10":[0,0,0,0,0],"11":[0,0],"12":[0,0,0,0]},"_coverageSchema":"1a1c01bbd47fc00a2c39e90264f33305004495a9","hash":"8e9b6b32da4fa1429d0365b7cf478891464ebdc9"}
,"C:\\Users\\Linggar Rehandhana\\Documents\\Linggar\\Bootcamp Hacktiv8\\P3\\ClassMate\\Server\\controllers\\index.js": {"path":"C:\\Users\\Linggar Rehandhana\\Documents\\Linggar\\Bootcamp Hacktiv8\\P3\\ClassMate\\Server\\controllers\\index.js","statementMap":{"0":{"start":{"line":1,"column":15},"end":{"line":1,"column":43}},"1":{"start":{"line":2,"column":13},"end":{"line":2,"column":39}},"2":{"start":{"line":3,"column":14},"end":{"line":3,"column":41}},"3":{"start":{"line":4,"column":13},"end":{"line":4,"column":38}},"4":{"start":{"line":6,"column":0},"end":{"line":14,"column":2}},"5":{"start":{"line":8,"column":4},"end":{"line":12,"column":5}},"6":{"start":{"line":9,"column":6},"end":{"line":9,"column":21}},"7":{"start":{"line":11,"column":6},"end":{"line":11,"column":16}}},"fnMap":{"0":{"name":"(anonymous_0)","decl":{"start":{"line":7,"column":2},"end":{"line":7,"column":3}},"loc":{"start":{"line":7,"column":36},"end":{"line":13,"column":3}},"line":7}},"branchMap":{},"s":{"0":2,"1":2,"2":2,"3":2,"4":2,"5":0,"6":0,"7":0},"f":{"0":0},"b":{},"_coverageSchema":"1a1c01bbd47fc00a2c39e90264f33305004495a9","hash":"e7276ab65f39a1795a35654e4e9650fb8d4f4a7d"}
,"C:\\Users\\Linggar Rehandhana\\Documents\\Linggar\\Bootcamp Hacktiv8\\P3\\ClassMate\\Server\\helpers\\Errors.js": {"path":"C:\\Users\\Linggar Rehandhana\\Documents\\Linggar\\Bootcamp Hacktiv8\\P3\\ClassMate\\Server\\helpers\\Errors.js","statementMap":{"0":{"start":{"line":1,"column":0},"end":{"line":8,"column":2}},"1":{"start":{"line":3,"column":4},"end":{"line":3,"column":12}},"2":{"start":{"line":4,"column":4},"end":{"line":4,"column":25}},"3":{"start":{"line":5,"column":4},"end":{"line":5,"column":31}},"4":{"start":{"line":6,"column":4},"end":{"line":6,"column":27}}},"fnMap":{"0":{"name":"(anonymous_0)","decl":{"start":{"line":2,"column":2},"end":{"line":2,"column":3}},"loc":{"start":{"line":2,"column":31},"end":{"line":7,"column":3}},"line":2}},"branchMap":{},"s":{"0":2,"1":10,"2":10,"3":10,"4":10},"f":{"0":10},"b":{},"_coverageSchema":"1a1c01bbd47fc00a2c39e90264f33305004495a9","hash":"bd78a5ee1970cfbc9ced72b700ea5b7f0a1875fd"}
,"C:\\Users\\Linggar Rehandhana\\Documents\\Linggar\\Bootcamp Hacktiv8\\P3\\ClassMate\\Server\\helpers\\Hash.js": {"path":"C:\\Users\\Linggar Rehandhana\\Documents\\Linggar\\Bootcamp Hacktiv8\\P3\\ClassMate\\Server\\helpers\\Hash.js","statementMap":{"0":{"start":{"line":1,"column":15},"end":{"line":1,"column":34}},"1":{"start":{"line":2,"column":13},"end":{"line":2,"column":35}},"2":{"start":{"line":4,"column":0},"end":{"line":11,"column":2}},"3":{"start":{"line":6,"column":4},"end":{"line":6,"column":43}},"4":{"start":{"line":9,"column":4},"end":{"line":9,"column":52}}},"fnMap":{"0":{"name":"(anonymous_0)","decl":{"start":{"line":5,"column":2},"end":{"line":5,"column":3}},"loc":{"start":{"line":5,"column":26},"end":{"line":7,"column":3}},"line":5},"1":{"name":"(anonymous_1)","decl":{"start":{"line":8,"column":2},"end":{"line":8,"column":3}},"loc":{"start":{"line":8,"column":38},"end":{"line":10,"column":3}},"line":8}},"branchMap":{},"s":{"0":2,"1":2,"2":2,"3":2,"4":2},"f":{"0":2,"1":2},"b":{},"_coverageSchema":"1a1c01bbd47fc00a2c39e90264f33305004495a9","hash":"d01d2f128de0d7039a458fa08a9680061cb94775"}
,"C:\\Users\\Linggar Rehandhana\\Documents\\Linggar\\Bootcamp Hacktiv8\\P3\\ClassMate\\Server\\helpers\\Token.js": {"path":"C:\\Users\\Linggar Rehandhana\\Documents\\Linggar\\Bootcamp Hacktiv8\\P3\\ClassMate\\Server\\helpers\\Token.js","statementMap":{"0":{"start":{"line":1,"column":0},"end":{"line":3,"column":1}},"1":{"start":{"line":2,"column":2},"end":{"line":2,"column":29}},"2":{"start":{"line":5,"column":12},"end":{"line":5,"column":35}},"3":{"start":{"line":6,"column":15},"end":{"line":6,"column":33}},"4":{"start":{"line":8,"column":0},"end":{"line":15,"column":2}},"5":{"start":{"line":10,"column":4},"end":{"line":10,"column":37}},"6":{"start":{"line":13,"column":4},"end":{"line":13,"column":37}}},"fnMap":{"0":{"name":"(anonymous_0)","decl":{"start":{"line":9,"column":2},"end":{"line":9,"column":3}},"loc":{"start":{"line":9,"column":25},"end":{"line":11,"column":3}},"line":9},"1":{"name":"(anonymous_1)","decl":{"start":{"line":12,"column":2},"end":{"line":12,"column":3}},"loc":{"start":{"line":12,"column":23},"end":{"line":14,"column":3}},"line":12}},"branchMap":{"0":{"loc":{"start":{"line":1,"column":0},"end":{"line":3,"column":1}},"type":"if","locations":[{"start":{"line":1,"column":0},"end":{"line":3,"column":1}},{"start":{},"end":{}}],"line":1}},"s":{"0":2,"1":2,"2":2,"3":2,"4":2,"5":1,"6":0},"f":{"0":1,"1":0},"b":{"0":[2,0]},"_coverageSchema":"1a1c01bbd47fc00a2c39e90264f33305004495a9","hash":"bf35b52b4ea7f2bec4482d624c2483fa07109567"}
,"C:\\Users\\Linggar Rehandhana\\Documents\\Linggar\\Bootcamp Hacktiv8\\P3\\ClassMate\\Server\\middlewares\\authenticationStudents.js": {"path":"C:\\Users\\Linggar Rehandhana\\Documents\\Linggar\\Bootcamp Hacktiv8\\P3\\ClassMate\\Server\\middlewares\\authenticationStudents.js","statementMap":{"0":{"start":{"line":1,"column":15},"end":{"line":1,"column":43}},"1":{"start":{"line":2,"column":14},"end":{"line":2,"column":41}},"2":{"start":{"line":3,"column":13},"end":{"line":3,"column":38}},"3":{"start":{"line":5,"column":0},"end":{"line":25,"column":2}},"4":{"start":{"line":6,"column":2},"end":{"line":24,"column":3}},"5":{"start":{"line":7,"column":16},"end":{"line":7,"column":40}},"6":{"start":{"line":9,"column":22},"end":{"line":9,"column":41}},"7":{"start":{"line":11,"column":15},"end":{"line":11,"column":39}},"8":{"start":{"line":13,"column":4},"end":{"line":15,"column":5}},"9":{"start":{"line":14,"column":6},"end":{"line":14,"column":54}},"10":{"start":{"line":17,"column":4},"end":{"line":17,"column":20}},"11":{"start":{"line":19,"column":4},"end":{"line":19,"column":26}},"12":{"start":{"line":21,"column":4},"end":{"line":21,"column":11}},"13":{"start":{"line":23,"column":4},"end":{"line":23,"column":14}}},"fnMap":{"0":{"name":"(anonymous_0)","decl":{"start":{"line":5,"column":17},"end":{"line":5,"column":18}},"loc":{"start":{"line":5,"column":43},"end":{"line":25,"column":1}},"line":5}},"branchMap":{"0":{"loc":{"start":{"line":13,"column":4},"end":{"line":15,"column":5}},"type":"if","locations":[{"start":{"line":13,"column":4},"end":{"line":15,"column":5}},{"start":{},"end":{}}],"line":13},"1":{"loc":{"start":{"line":13,"column":8},"end":{"line":13,"column":40}},"type":"binary-expr","locations":[{"start":{"line":13,"column":8},"end":{"line":13,"column":13}},{"start":{"line":13,"column":17},"end":{"line":13,"column":40}}],"line":13}},"s":{"0":2,"1":2,"2":2,"3":2,"4":0,"5":0,"6":0,"7":0,"8":0,"9":0,"10":0,"11":0,"12":0,"13":0},"f":{"0":0},"b":{"0":[0,0],"1":[0,0]},"_coverageSchema":"1a1c01bbd47fc00a2c39e90264f33305004495a9","hash":"0bf29621926c062523a60b58caed1ee8fbe89fa1"}
,"C:\\Users\\Linggar Rehandhana\\Documents\\Linggar\\Bootcamp Hacktiv8\\P3\\ClassMate\\Server\\middlewares\\authenticationTeachers.js": {"path":"C:\\Users\\Linggar Rehandhana\\Documents\\Linggar\\Bootcamp Hacktiv8\\P3\\ClassMate\\Server\\middlewares\\authenticationTeachers.js","statementMap":{"0":{"start":{"line":1,"column":15},"end":{"line":1,"column":43}},"1":{"start":{"line":2,"column":14},"end":{"line":2,"column":41}},"2":{"start":{"line":3,"column":13},"end":{"line":3,"column":38}},"3":{"start":{"line":5,"column":0},"end":{"line":23,"column":2}},"4":{"start":{"line":6,"column":2},"end":{"line":22,"column":3}},"5":{"start":{"line":7,"column":16},"end":{"line":7,"column":40}},"6":{"start":{"line":9,"column":22},"end":{"line":9,"column":41}},"7":{"start":{"line":11,"column":15},"end":{"line":11,"column":39}},"8":{"start":{"line":13,"column":4},"end":{"line":15,"column":5}},"9":{"start":{"line":14,"column":6},"end":{"line":14,"column":54}},"10":{"start":{"line":17,"column":4},"end":{"line":17,"column":20}},"11":{"start":{"line":19,"column":4},"end":{"line":19,"column":11}},"12":{"start":{"line":21,"column":4},"end":{"line":21,"column":14}}},"fnMap":{"0":{"name":"(anonymous_0)","decl":{"start":{"line":5,"column":17},"end":{"line":5,"column":18}},"loc":{"start":{"line":5,"column":43},"end":{"line":23,"column":1}},"line":5}},"branchMap":{"0":{"loc":{"start":{"line":13,"column":4},"end":{"line":15,"column":5}},"type":"if","locations":[{"start":{"line":13,"column":4},"end":{"line":15,"column":5}},{"start":{},"end":{}}],"line":13},"1":{"loc":{"start":{"line":13,"column":8},"end":{"line":13,"column":40}},"type":"binary-expr","locations":[{"start":{"line":13,"column":8},"end":{"line":13,"column":13}},{"start":{"line":13,"column":17},"end":{"line":13,"column":40}}],"line":13}},"s":{"0":2,"1":2,"2":2,"3":2,"4":0,"5":0,"6":0,"7":0,"8":0,"9":0,"10":0,"11":0,"12":0},"f":{"0":0},"b":{"0":[0,0],"1":[0,0]},"_coverageSchema":"1a1c01bbd47fc00a2c39e90264f33305004495a9","hash":"5cf01b10d02d8ff855252cd0ffb7d9d546cb70bf"}
,"C:\\Users\\Linggar Rehandhana\\Documents\\Linggar\\Bootcamp Hacktiv8\\P3\\ClassMate\\Server\\middlewares\\errorHandler.js": {"path":"C:\\Users\\Linggar Rehandhana\\Documents\\Linggar\\Bootcamp Hacktiv8\\P3\\ClassMate\\Server\\middlewares\\errorHandler.js","statementMap":{"0":{"start":{"line":1,"column":0},"end":{"line":10,"column":2}},"1":{"start":{"line":2,"column":2},"end":{"line":2,"column":19}},"2":{"start":{"line":3,"column":2},"end":{"line":9,"column":3}},"3":{"start":{"line":4,"column":4},"end":{"line":4,"column":45}},"4":{"start":{"line":5,"column":9},"end":{"line":9,"column":3}},"5":{"start":{"line":6,"column":4},"end":{"line":6,"column":70}},"6":{"start":{"line":8,"column":4},"end":{"line":8,"column":63}}},"fnMap":{"0":{"name":"(anonymous_0)","decl":{"start":{"line":1,"column":17},"end":{"line":1,"column":18}},"loc":{"start":{"line":1,"column":42},"end":{"line":10,"column":1}},"line":1}},"branchMap":{"0":{"loc":{"start":{"line":3,"column":2},"end":{"line":9,"column":3}},"type":"if","locations":[{"start":{"line":3,"column":2},"end":{"line":9,"column":3}},{"start":{"line":5,"column":9},"end":{"line":9,"column":3}}],"line":3},"1":{"loc":{"start":{"line":5,"column":9},"end":{"line":9,"column":3}},"type":"if","locations":[{"start":{"line":5,"column":9},"end":{"line":9,"column":3}},{"start":{"line":7,"column":9},"end":{"line":9,"column":3}}],"line":5}},"s":{"0":2,"1":14,"2":14,"3":10,"4":4,"5":1,"6":3},"f":{"0":14},"b":{"0":[10,4],"1":[1,3]},"_coverageSchema":"1a1c01bbd47fc00a2c39e90264f33305004495a9","hash":"ff5024e306f92bf70b511df6f1c83508022abb2e"}
,"C:\\Users\\Linggar Rehandhana\\Documents\\Linggar\\Bootcamp Hacktiv8\\P3\\ClassMate\\Server\\middlewares\\multer.js": {"path":"C:\\Users\\Linggar Rehandhana\\Documents\\Linggar\\Bootcamp Hacktiv8\\P3\\ClassMate\\Server\\middlewares\\multer.js","statementMap":{"0":{"start":{"line":1,"column":15},"end":{"line":1,"column":32}},"1":{"start":{"line":2,"column":19},"end":{"line":2,"column":71}},"2":{"start":{"line":5,"column":18},"end":{"line":9,"column":3}},"3":{"start":{"line":11,"column":2},"end":{"line":11,"column":65}},"4":{"start":{"line":12,"column":2},"end":{"line":12,"column":55}},"5":{"start":{"line":15,"column":16},"end":{"line":23,"column":2}},"6":{"start":{"line":17,"column":4},"end":{"line":17,"column":23}},"7":{"start":{"line":21,"column":4},"end":{"line":21,"column":32}},"8":{"start":{"line":31,"column":15},"end":{"line":40,"column":2}},"9":{"start":{"line":42,"column":0},"end":{"line":42,"column":28}}},"fnMap":{"0":{"name":"uploadFile","decl":{"start":{"line":4,"column":15},"end":{"line":4,"column":25}},"loc":{"start":{"line":4,"column":28},"end":{"line":13,"column":1}},"line":4},"1":{"name":"(anonymous_1)","decl":{"start":{"line":16,"column":15},"end":{"line":16,"column":16}},"loc":{"start":{"line":16,"column":40},"end":{"line":18,"column":3}},"line":16},"2":{"name":"(anonymous_2)","decl":{"start":{"line":19,"column":12},"end":{"line":19,"column":13}},"loc":{"start":{"line":19,"column":37},"end":{"line":22,"column":3}},"line":19}},"branchMap":{},"s":{"0":2,"1":2,"2":0,"3":0,"4":0,"5":2,"6":0,"7":0,"8":2,"9":2},"f":{"0":0,"1":0,"2":0},"b":{},"_coverageSchema":"1a1c01bbd47fc00a2c39e90264f33305004495a9","hash":"73bfe708ec2312053bd49aaa6546791609529e18"}
,"C:\\Users\\Linggar Rehandhana\\Documents\\Linggar\\Bootcamp Hacktiv8\\P3\\ClassMate\\Server\\models\\Assignment.js": {"path":"C:\\Users\\Linggar Rehandhana\\Documents\\Linggar\\Bootcamp Hacktiv8\\P3\\ClassMate\\Server\\models\\Assignment.js","statementMap":{"0":{"start":{"line":1,"column":17},"end":{"line":1,"column":36}},"1":{"start":{"line":3,"column":25},"end":{"line":35,"column":2}},"2":{"start":{"line":37,"column":19},"end":{"line":37,"column":65}},"3":{"start":{"line":39,"column":0},"end":{"line":39,"column":28}}},"fnMap":{},"branchMap":{},"s":{"0":2,"1":2,"2":2,"3":2},"f":{},"b":{},"_coverageSchema":"1a1c01bbd47fc00a2c39e90264f33305004495a9","hash":"6c4c1d228e82e4d9411a18fc0a9156efec7e5c44"}
,"C:\\Users\\Linggar Rehandhana\\Documents\\Linggar\\Bootcamp Hacktiv8\\P3\\ClassMate\\Server\\models\\Class.js": {"path":"C:\\Users\\Linggar Rehandhana\\Documents\\Linggar\\Bootcamp Hacktiv8\\P3\\ClassMate\\Server\\models\\Class.js","statementMap":{"0":{"start":{"line":1,"column":17},"end":{"line":1,"column":36}},"1":{"start":{"line":3,"column":20},"end":{"line":26,"column":2}},"2":{"start":{"line":28,"column":14},"end":{"line":28,"column":50}},"3":{"start":{"line":30,"column":0},"end":{"line":30,"column":23}}},"fnMap":{},"branchMap":{},"s":{"0":2,"1":2,"2":2,"3":2},"f":{},"b":{},"_coverageSchema":"1a1c01bbd47fc00a2c39e90264f33305004495a9","hash":"9d000126174b069d1df6142475b076dde1973cba"}
,"C:\\Users\\Linggar Rehandhana\\Documents\\Linggar\\Bootcamp Hacktiv8\\P3\\ClassMate\\Server\\models\\Question.js": {"path":"C:\\Users\\Linggar Rehandhana\\Documents\\Linggar\\Bootcamp Hacktiv8\\P3\\ClassMate\\Server\\models\\Question.js","statementMap":{"0":{"start":{"line":1,"column":17},"end":{"line":1,"column":36}},"1":{"start":{"line":3,"column":23},"end":{"line":23,"column":2}},"2":{"start":{"line":25,"column":17},"end":{"line":25,"column":59}},"3":{"start":{"line":27,"column":0},"end":{"line":27,"column":26}}},"fnMap":{},"branchMap":{},"s":{"0":2,"1":2,"2":2,"3":2},"f":{},"b":{},"_coverageSchema":"1a1c01bbd47fc00a2c39e90264f33305004495a9","hash":"71475a16b67047a31914e8943fe2247dcf4f10bc"}
,"C:\\Users\\Linggar Rehandhana\\Documents\\Linggar\\Bootcamp Hacktiv8\\P3\\ClassMate\\Server\\models\\StudentAnswer.js": {"path":"C:\\Users\\Linggar Rehandhana\\Documents\\Linggar\\Bootcamp Hacktiv8\\P3\\ClassMate\\Server\\models\\StudentAnswer.js","statementMap":{"0":{"start":{"line":1,"column":17},"end":{"line":1,"column":36}},"1":{"start":{"line":3,"column":28},"end":{"line":33,"column":2}},"2":{"start":{"line":35,"column":22},"end":{"line":35,"column":74}},"3":{"start":{"line":37,"column":0},"end":{"line":37,"column":31}}},"fnMap":{},"branchMap":{},"s":{"0":2,"1":2,"2":2,"3":2},"f":{},"b":{},"_coverageSchema":"1a1c01bbd47fc00a2c39e90264f33305004495a9","hash":"fa71169aa848a2271c349b739b5600d6b979fce7"}
,"C:\\Users\\Linggar Rehandhana\\Documents\\Linggar\\Bootcamp Hacktiv8\\P3\\ClassMate\\Server\\models\\User.js": {"path":"C:\\Users\\Linggar Rehandhana\\Documents\\Linggar\\Bootcamp Hacktiv8\\P3\\ClassMate\\Server\\models\\User.js","statementMap":{"0":{"start":{"line":1,"column":17},"end":{"line":1,"column":36}},"1":{"start":{"line":2,"column":13},"end":{"line":2,"column":39}},"2":{"start":{"line":4,"column":19},"end":{"line":35,"column":2}},"3":{"start":{"line":44,"column":13},"end":{"line":44,"column":47}},"4":{"start":{"line":46,"column":0},"end":{"line":46,"column":22}}},"fnMap":{},"branchMap":{},"s":{"0":2,"1":2,"2":2,"3":2,"4":2},"f":{},"b":{},"_coverageSchema":"1a1c01bbd47fc00a2c39e90264f33305004495a9","hash":"fe9359184696cdb5a97833ceb79f59febdda1edc"}
,"C:\\Users\\Linggar Rehandhana\\Documents\\Linggar\\Bootcamp Hacktiv8\\P3\\ClassMate\\Server\\routers\\index.js": {"path":"C:\\Users\\Linggar Rehandhana\\Documents\\Linggar\\Bootcamp Hacktiv8\\P3\\ClassMate\\Server\\routers\\index.js","statementMap":{"0":{"start":{"line":1,"column":19},"end":{"line":1,"column":44}},"1":{"start":{"line":2,"column":15},"end":{"line":2,"column":42}},"2":{"start":{"line":3,"column":23},"end":{"line":3,"column":43}},"3":{"start":{"line":4,"column":22},"end":{"line":4,"column":42}},"4":{"start":{"line":6,"column":0},"end":{"line":6,"column":33}},"5":{"start":{"line":8,"column":0},"end":{"line":8,"column":40}},"6":{"start":{"line":9,"column":0},"end":{"line":9,"column":39}},"7":{"start":{"line":11,"column":0},"end":{"line":11,"column":24}}},"fnMap":{},"branchMap":{},"s":{"0":2,"1":2,"2":2,"3":2,"4":2,"5":2,"6":2,"7":2},"f":{},"b":{},"_coverageSchema":"1a1c01bbd47fc00a2c39e90264f33305004495a9","hash":"09e4a79d974962b2d807c91e584a6bf95c898abc"}
,"C:\\Users\\Linggar Rehandhana\\Documents\\Linggar\\Bootcamp Hacktiv8\\P3\\ClassMate\\Server\\routers\\student.js": {"path":"C:\\Users\\Linggar Rehandhana\\Documents\\Linggar\\Bootcamp Hacktiv8\\P3\\ClassMate\\Server\\routers\\student.js","statementMap":{"0":{"start":{"line":1,"column":26},"end":{"line":1,"column":69}},"1":{"start":{"line":2,"column":23},"end":{"line":2,"column":71}},"2":{"start":{"line":3,"column":19},"end":{"line":3,"column":51}},"3":{"start":{"line":4,"column":23},"end":{"line":4,"column":50}},"4":{"start":{"line":6,"column":0},"end":{"line":6,"column":55}},"5":{"start":{"line":7,"column":0},"end":{"line":7,"column":55}},"6":{"start":{"line":8,"column":0},"end":{"line":8,"column":64}},"7":{"start":{"line":9,"column":0},"end":{"line":9,"column":61}},"8":{"start":{"line":13,"column":0},"end":{"line":13,"column":69}},"9":{"start":{"line":14,"column":0},"end":{"line":18,"column":2}},"10":{"start":{"line":19,"column":0},"end":{"line":19,"column":61}},"11":{"start":{"line":20,"column":0},"end":{"line":20,"column":76}},"12":{"start":{"line":22,"column":0},"end":{"line":22,"column":32}}},"fnMap":{},"branchMap":{},"s":{"0":2,"1":2,"2":2,"3":2,"4":2,"5":2,"6":2,"7":2,"8":2,"9":2,"10":2,"11":2,"12":2},"f":{},"b":{},"_coverageSchema":"1a1c01bbd47fc00a2c39e90264f33305004495a9","hash":"3cd40335f6c1fc189a9aabb7bf02e0bb25371726"}
,"C:\\Users\\Linggar Rehandhana\\Documents\\Linggar\\Bootcamp Hacktiv8\\P3\\ClassMate\\Server\\routers\\teacher.js": {"path":"C:\\Users\\Linggar Rehandhana\\Documents\\Linggar\\Bootcamp Hacktiv8\\P3\\ClassMate\\Server\\routers\\teacher.js","statementMap":{"0":{"start":{"line":1,"column":26},"end":{"line":1,"column":69}},"1":{"start":{"line":2,"column":23},"end":{"line":2,"column":71}},"2":{"start":{"line":4,"column":22},"end":{"line":4,"column":49}},"3":{"start":{"line":6,"column":0},"end":{"line":6,"column":54}},"4":{"start":{"line":7,"column":0},"end":{"line":7,"column":63}},"5":{"start":{"line":8,"column":0},"end":{"line":8,"column":60}},"6":{"start":{"line":12,"column":0},"end":{"line":12,"column":58}},"7":{"start":{"line":13,"column":0},"end":{"line":13,"column":60}},"8":{"start":{"line":14,"column":0},"end":{"line":14,"column":68}},"9":{"start":{"line":15,"column":0},"end":{"line":15,"column":71}},"10":{"start":{"line":16,"column":0},"end":{"line":16,"column":60}},"11":{"start":{"line":17,"column":0},"end":{"line":17,"column":71}},"12":{"start":{"line":18,"column":0},"end":{"line":18,"column":78}},"13":{"start":{"line":20,"column":0},"end":{"line":20,"column":31}}},"fnMap":{},"branchMap":{},"s":{"0":2,"1":2,"2":2,"3":2,"4":2,"5":2,"6":2,"7":2,"8":2,"9":2,"10":2,"11":2,"12":2,"13":2},"f":{},"b":{},"_coverageSchema":"1a1c01bbd47fc00a2c39e90264f33305004495a9","hash":"ceee3be796e66781e0fc6376a0b9477276ed332c"}
}
