TN:
SF:app.js
FNF:0
FNH:0
DA:1,1
DA:2,1
DA:3,1
DA:4,1
DA:5,1
DA:6,1
DA:7,1
DA:9,1
DA:10,1
DA:11,1
DA:12,1
DA:13,1
DA:14,1
DA:18,1
LF:14
LH:14
BRDA:4,0,0,1
BRDA:4,0,1,1
BRF:2
BRH:2
end_of_record
TN:
SF:connection\index.js
FN:11,(anonymous_0)
FN:12,(anonymous_1)
FNF:2
FNH:1
FNDA:1,(anonymous_0)
FNDA:0,(anonymous_1)
DA:1,1
DA:2,1
DA:3,1
DA:6,1
DA:11,1
DA:12,0
DA:14,1
LF:7
LH:6
BRDA:2,0,0,1
BRDA:2,0,1,0
BRF:2
BRH:1
end_of_record
TN:
SF:controllers\StudentController.js
FN:21,(anonymous_0)
FN:30,(anonymous_1)
FN:55,(anonymous_2)
FN:85,(anonymous_3)
FN:134,(anonymous_4)
FN:165,(anonymous_5)
FN:173,(anonymous_6)
FN:184,(anonymous_7)
FN:196,(anonymous_8)
FN:210,(anonymous_9)
FN:224,(anonymous_10)
FN:240,(anonymous_11)
FNF:12
FNH:10
FNDA:1,(anonymous_0)
FNDA:0,(anonymous_1)
FNDA:6,(anonymous_2)
FNDA:6,(anonymous_3)
FNDA:0,(anonymous_4)
FNDA:1,(anonymous_5)
FNDA:3,(anonymous_6)
FNDA:1,(anonymous_7)
FNDA:1,(anonymous_8)
FNDA:3,(anonymous_9)
FNDA:1,(anonymous_10)
FNDA:1,(anonymous_11)
DA:1,1
DA:2,1
DA:3,1
DA:5,1
DA:6,1
DA:7,1
DA:8,1
DA:9,1
DA:10,1
DA:11,1
DA:12,1
DA:13,1
DA:14,1
DA:15,1
DA:16,1
DA:18,1
DA:20,1
DA:22,1
DA:23,1
DA:25,1
DA:27,0
DA:31,0
DA:32,0
DA:33,0
DA:35,0
DA:43,0
DA:45,0
DA:47,0
DA:49,0
DA:51,0
DA:56,6
DA:57,6
DA:59,6
DA:60,2
DA:63,4
DA:64,4
DA:65,1
DA:68,3
DA:69,1
DA:71,2
DA:73,2
DA:74,1
DA:77,1
DA:79,1
DA:81,5
DA:86,6
DA:87,6
DA:88,6
DA:89,6
DA:91,6
DA:92,5
DA:97,1
DA:107,1
DA:111,0
DA:112,0
DA:122,0
DA:124,0
DA:125,0
DA:126,0
DA:128,6
DA:129,6
DA:130,6
DA:135,0
DA:136,0
DA:138,0
DA:142,0
DA:144,0
DA:154,0
DA:158,0
DA:159,0
DA:161,0
DA:166,1
DA:167,1
DA:168,1
DA:173,1
DA:174,3
DA:175,3
DA:178,1
DA:180,0
DA:185,1
DA:186,1
DA:187,1
DA:188,1
DA:190,1
DA:192,0
DA:197,1
DA:198,1
DA:199,1
DA:200,1
DA:204,1
DA:206,0
DA:211,3
DA:212,3
DA:213,3
DA:218,1
DA:220,2
DA:225,1
DA:226,1
DA:227,1
DA:228,0
DA:231,1
DA:234,1
DA:236,0
DA:241,1
DA:242,1
DA:245,1
DA:246,0
DA:249,1
DA:254,1
DA:256,0
LF:110
LH:78
BRDA:2,0,0,1
BRDA:2,0,1,0
BRDA:59,1,0,2
BRDA:59,1,1,4
BRDA:59,2,0,6
BRDA:59,2,1,5
BRDA:64,3,0,1
BRDA:64,3,1,3
BRDA:68,4,0,1
BRDA:68,4,1,2
BRDA:73,5,0,1
BRDA:73,5,1,1
BRDA:91,6,0,5
BRDA:91,6,1,1
BRDA:91,7,0,6
BRDA:91,7,1,4
BRDA:91,7,2,2
BRDA:227,8,0,0
BRDA:227,8,1,1
BRDA:245,9,0,0
BRDA:245,9,1,1
BRF:21
BRH:18
end_of_record
TN:
SF:controllers\TeacherController.js
FN:14,(anonymous_0)
FN:45,(anonymous_1)
FN:73,(anonymous_2)
FN:104,(anonymous_3)
FN:117,(anonymous_4)
FN:127,(anonymous_5)
FN:141,(anonymous_6)
FN:195,(anonymous_7)
FN:219,(anonymous_8)
FN:233,(anonymous_9)
FNF:10
FNH:0
FNDA:0,(anonymous_0)
FNDA:0,(anonymous_1)
FNDA:0,(anonymous_2)
FNDA:0,(anonymous_3)
FNDA:0,(anonymous_4)
FNDA:0,(anonymous_5)
FNDA:0,(anonymous_6)
FNDA:0,(anonymous_7)
FNDA:0,(anonymous_8)
FNDA:0,(anonymous_9)
DA:1,1
DA:2,1
DA:3,1
DA:4,1
DA:5,1
DA:6,1
DA:7,1
DA:8,1
DA:9,1
DA:10,1
DA:11,1
DA:13,1
DA:15,0
DA:16,0
DA:18,0
DA:19,0
DA:22,0
DA:23,0
DA:24,0
DA:27,0
DA:28,0
DA:31,0
DA:33,0
DA:34,0
DA:37,0
DA:39,0
DA:41,0
DA:46,0
DA:47,0
DA:49,0
DA:50,0
DA:54,0
DA:63,0
DA:65,0
DA:67,0
DA:69,0
DA:74,0
DA:75,0
DA:76,0
DA:77,0
DA:81,0
DA:82,0
DA:83,0
DA:92,0
DA:94,0
DA:95,0
DA:97,0
DA:98,0
DA:100,0
DA:105,0
DA:106,0
DA:111,0
DA:113,0
DA:118,0
DA:119,0
DA:121,0
DA:123,0
DA:128,0
DA:129,0
DA:131,0
DA:135,0
DA:137,0
DA:142,0
DA:143,0
DA:144,0
DA:146,0
DA:159,0
DA:160,0
DA:163,0
DA:165,0
DA:167,0
DA:176,0
DA:183,0
DA:184,0
DA:186,0
DA:188,0
DA:189,0
DA:190,0
DA:191,0
DA:197,0
DA:198,0
DA:200,0
DA:201,0
DA:204,0
DA:213,0
DA:215,0
DA:220,0
DA:221,0
DA:222,0
DA:227,0
DA:229,0
DA:234,0
DA:235,0
DA:236,0
DA:237,0
DA:239,0
LF:96
LH:12
BRDA:18,0,0,0
BRDA:18,0,1,0
BRDA:18,1,0,0
BRDA:18,1,1,0
BRDA:23,2,0,0
BRDA:23,2,1,0
BRDA:27,3,0,0
BRDA:27,3,1,0
BRDA:33,4,0,0
BRDA:33,4,1,0
BRDA:49,5,0,0
BRDA:49,5,1,0
BRDA:49,6,0,0
BRDA:49,6,1,0
BRDA:159,7,0,0
BRDA:159,7,1,0
BRDA:159,8,0,0
BRDA:159,8,1,0
BRDA:159,8,2,0
BRDA:159,8,3,0
BRDA:159,8,4,0
BRDA:200,9,0,0
BRDA:200,9,1,0
BRDA:200,10,0,0
BRDA:200,10,1,0
BRDA:200,10,2,0
BRDA:200,10,3,0
BRF:27
BRH:0
end_of_record
TN:
SF:controllers\index.js
FN:7,(anonymous_0)
FNF:1
FNH:0
FNDA:0,(anonymous_0)
DA:1,1
DA:2,1
DA:3,1
DA:4,1
DA:6,1
DA:8,0
DA:9,0
DA:11,0
LF:8
LH:5
BRF:0
BRH:0
end_of_record
TN:
SF:helpers\Errors.js
FN:2,(anonymous_0)
FNF:1
FNH:1
FNDA:10,(anonymous_0)
DA:1,1
DA:3,10
DA:4,10
DA:5,10
DA:6,10
LF:5
LH:5
BRF:0
BRH:0
end_of_record
TN:
SF:helpers\Hash.js
FN:5,(anonymous_0)
FN:8,(anonymous_1)
FNF:2
FNH:2
FNDA:1,(anonymous_0)
FNDA:2,(anonymous_1)
DA:1,1
DA:2,1
DA:4,1
DA:6,1
DA:9,2
LF:5
LH:5
BRF:0
BRH:0
end_of_record
TN:
SF:helpers\Token.js
FN:9,(anonymous_0)
FN:12,(anonymous_1)
FNF:2
FNH:2
FNDA:2,(anonymous_0)
FNDA:8,(anonymous_1)
DA:1,1
DA:2,1
DA:5,1
DA:6,1
DA:8,1
DA:10,2
DA:13,8
LF:7
LH:7
BRDA:1,0,0,1
BRDA:1,0,1,0
BRF:2
BRH:1
end_of_record
TN:
SF:helpers\ocrAdapter.js
FN:1,(anonymous_0)
FNF:1
FNH:0
FNDA:0,(anonymous_0)
DA:1,1
DA:3,0
DA:5,0
DA:6,0
DA:9,0
DA:10,0
DA:11,0
DA:12,0
DA:13,0
DA:14,0
DA:16,0
DA:17,0
DA:18,0
DA:19,0
DA:20,0
DA:21,0
DA:23,0
DA:25,0
DA:26,0
DA:27,0
DA:31,0
DA:33,0
DA:34,0
DA:36,0
DA:37,0
DA:38,0
DA:47,0
DA:48,0
DA:49,0
DA:56,0
LF:30
LH:1
BRDA:10,0,0,0
BRDA:10,0,1,0
BRDA:13,1,0,0
BRDA:13,1,1,0
BRDA:17,2,0,0
BRDA:17,2,1,0
BRDA:20,3,0,0
BRDA:20,3,1,0
BRDA:36,4,0,0
BRDA:36,4,1,0
BRF:10
BRH:0
end_of_record
TN:
SF:middlewares\authenticationStudents.js
FN:5,(anonymous_0)
FNF:1
FNH:1
FNDA:8,(anonymous_0)
DA:1,1
DA:2,1
DA:3,1
DA:5,1
DA:6,8
DA:7,8
DA:8,8
DA:9,0
DA:12,8
DA:14,8
DA:16,8
DA:17,0
DA:20,8
DA:22,8
DA:24,8
DA:26,0
LF:16
LH:13
BRDA:8,0,0,0
BRDA:8,0,1,8
BRDA:16,1,0,0
BRDA:16,1,1,8
BRDA:16,2,0,8
BRDA:16,2,1,8
BRF:6
BRH:4
end_of_record
TN:
SF:middlewares\authenticationTeachers.js
FN:5,(anonymous_0)
FNF:1
FNH:0
FNDA:0,(anonymous_0)
DA:1,1
DA:2,1
DA:3,1
DA:5,1
DA:6,0
DA:7,0
DA:9,0
DA:10,0
DA:12,0
DA:14,0
DA:16,0
DA:17,0
DA:20,0
DA:22,0
DA:24,0
LF:15
LH:4
BRDA:9,0,0,0
BRDA:9,0,1,0
BRDA:16,1,0,0
BRDA:16,1,1,0
BRDA:16,2,0,0
BRDA:16,2,1,0
BRF:6
BRH:0
end_of_record
TN:
SF:middlewares\errorHandler.js
FN:1,(anonymous_0)
FNF:1
FNH:1
FNDA:13,(anonymous_0)
DA:1,1
DA:2,13
DA:3,13
DA:4,13
DA:5,10
DA:6,3
DA:7,1
DA:9,2
LF:8
LH:8
BRDA:4,0,0,10
BRDA:4,0,1,3
BRDA:6,1,0,1
BRDA:6,1,1,2
BRF:4
BRH:4
end_of_record
TN:
SF:middlewares\multer.js
FNF:0
FNH:0
DA:1,1
DA:2,1
DA:4,1
DA:5,1
DA:6,1
DA:7,1
DA:9,1
DA:14,1
DA:22,1
DA:24,1
LF:10
LH:10
BRDA:1,0,0,1
BRDA:1,0,1,0
BRF:2
BRH:1
end_of_record
TN:
SF:models\Assignment.js
FNF:0
FNH:0
DA:1,1
DA:3,1
DA:37,1
DA:39,1
LF:4
LH:4
BRF:0
BRH:0
end_of_record
TN:
SF:models\Class.js
FNF:0
FNH:0
DA:1,1
DA:3,1
DA:28,1
DA:30,1
LF:4
LH:4
BRF:0
BRH:0
end_of_record
TN:
SF:models\Question.js
FNF:0
FNH:0
DA:1,1
DA:3,1
DA:31,1
DA:33,1
LF:4
LH:4
BRF:0
BRH:0
end_of_record
TN:
SF:models\StudentAnswer.js
FNF:0
FNH:0
DA:1,1
DA:3,1
DA:35,1
DA:37,1
LF:4
LH:4
BRF:0
BRH:0
end_of_record
TN:
SF:models\User.js
FN:37,(anonymous_0)
FNF:1
FNH:1
FNDA:1,(anonymous_0)
DA:1,1
DA:2,1
DA:4,1
DA:37,1
DA:38,1
DA:39,1
DA:40,1
DA:43,1
DA:45,1
LF:9
LH:9
BRF:0
BRH:0
end_of_record
TN:
SF:routers\index.js
FNF:0
FNH:0
DA:1,1
DA:2,1
DA:3,1
DA:4,1
DA:6,1
DA:8,1
DA:9,1
DA:11,1
LF:8
LH:8
BRF:0
BRH:0
end_of_record
TN:
SF:routers\student.js
FNF:0
FNH:0
DA:1,1
DA:2,1
DA:3,1
DA:4,1
DA:6,1
DA:7,1
DA:8,1
DA:9,1
DA:11,1
DA:13,1
DA:14,1
DA:15,1
DA:16,1
DA:17,1
DA:18,1
DA:23,1
DA:24,1
DA:26,1
LF:18
LH:18
BRF:0
BRH:0
end_of_record
TN:
SF:routers\teacher.js
FNF:0
FNH:0
DA:1,1
DA:2,1
DA:4,1
DA:6,1
DA:7,1
DA:8,1
DA:12,1
DA:13,1
DA:14,1
DA:15,1
DA:16,1
DA:17,1
DA:18,1
DA:20,1
LF:14
LH:14
BRF:0
BRH:0
end_of_record
