TN:
SF:app.js
FNF:0
FNH:0
DA:1,1
DA:2,1
DA:3,1
DA:4,1
DA:5,1
DA:6,1
DA:7,1
DA:9,1
DA:10,1
DA:11,1
DA:12,1
DA:13,1
DA:14,1
DA:18,1
LF:14
LH:14
BRDA:4,0,0,1
BRDA:4,0,1,1
BRF:2
BRH:2
end_of_record
TN:
SF:connection\index.js
FN:11,(anonymous_0)
FN:12,(anonymous_1)
FNF:2
FNH:1
FNDA:1,(anonymous_0)
FNDA:0,(anonymous_1)
DA:1,1
DA:2,1
DA:3,1
DA:6,1
DA:11,1
DA:12,0
DA:14,1
LF:7
LH:6
BRDA:2,0,0,1
BRDA:2,0,1,0
BRF:2
BRH:1
end_of_record
TN:
SF:controllers\StudentController.js
FN:16,(anonymous_0)
FN:17,(anonymous_1)
FN:27,(anonymous_2)
FN:57,(anonymous_3)
FN:86,(anonymous_4)
FN:117,(anonymous_5)
FN:125,(anonymous_6)
FN:136,(anonymous_7)
FN:147,(anonymous_8)
FN:156,(anonymous_9)
FN:173,(anonymous_10)
FN:189,(anonymous_11)
FNF:12
FNH:2
FNDA:0,(anonymous_0)
FNDA:0,(anonymous_1)
FNDA:3,(anonymous_2)
FNDA:3,(anonymous_3)
FNDA:0,(anonymous_4)
FNDA:0,(anonymous_5)
FNDA:0,(anonymous_6)
FNDA:0,(anonymous_7)
FNDA:0,(anonymous_8)
FNDA:0,(anonymous_9)
FNDA:0,(anonymous_10)
FNDA:0,(anonymous_11)
DA:1,1
DA:2,1
DA:3,1
DA:4,1
DA:5,1
DA:6,1
DA:7,1
DA:8,1
DA:9,1
DA:10,1
DA:11,1
DA:13,1
DA:15,1
DA:18,0
DA:19,0
DA:21,0
DA:23,0
DA:28,3
DA:29,3
DA:31,3
DA:32,0
DA:35,3
DA:36,3
DA:37,1
DA:40,2
DA:41,0
DA:43,2
DA:45,2
DA:46,1
DA:49,1
DA:51,1
DA:53,2
DA:58,3
DA:59,3
DA:61,3
DA:62,1
DA:65,2
DA:67,2
DA:76,2
DA:78,0
DA:80,0
DA:82,3
DA:87,0
DA:88,0
DA:90,0
DA:94,0
DA:96,0
DA:106,0
DA:110,0
DA:111,0
DA:113,0
DA:118,0
DA:119,0
DA:120,0
DA:125,0
DA:126,0
DA:127,0
DA:130,0
DA:132,0
DA:137,0
DA:138,0
DA:139,0
DA:141,0
DA:143,0
DA:148,0
DA:149,0
DA:150,0
DA:152,0
DA:157,0
DA:158,0
DA:159,0
DA:164,0
DA:165,0
DA:167,0
DA:169,0
DA:174,0
DA:175,0
DA:177,0
DA:178,0
DA:181,0
DA:183,0
DA:185,0
DA:190,0
DA:191,0
DA:193,0
DA:194,0
DA:197,0
DA:202,0
DA:204,0
LF:89
LH:34
BRDA:31,0,0,0
BRDA:31,0,1,3
BRDA:31,1,0,3
BRDA:31,1,1,3
BRDA:36,2,0,1
BRDA:36,2,1,2
BRDA:40,3,0,0
BRDA:40,3,1,2
BRDA:45,4,0,1
BRDA:45,4,1,1
BRDA:61,5,0,1
BRDA:61,5,1,2
BRDA:61,6,0,3
BRDA:61,6,1,2
BRDA:61,6,2,2
BRDA:164,7,0,0
BRDA:164,7,1,0
BRDA:177,8,0,0
BRDA:177,8,1,0
BRDA:193,9,0,0
BRDA:193,9,1,0
BRF:21
BRH:13
end_of_record
TN:
SF:controllers\TeacherController.js
FN:13,(anonymous_0)
FN:44,(anonymous_1)
FN:72,(anonymous_2)
FN:106,(anonymous_3)
FN:127,(anonymous_4)
FN:137,(anonymous_5)
FN:151,(anonymous_6)
FN:200,(anonymous_7)
FN:216,(anonymous_8)
FN:230,(anonymous_9)
FNF:10
FNH:0
FNDA:0,(anonymous_0)
FNDA:0,(anonymous_1)
FNDA:0,(anonymous_2)
FNDA:0,(anonymous_3)
FNDA:0,(anonymous_4)
FNDA:0,(anonymous_5)
FNDA:0,(anonymous_6)
FNDA:0,(anonymous_7)
FNDA:0,(anonymous_8)
FNDA:0,(anonymous_9)
DA:1,1
DA:2,1
DA:3,1
DA:4,1
DA:5,1
DA:6,1
DA:7,1
DA:8,1
DA:9,1
DA:10,1
DA:12,1
DA:14,0
DA:15,0
DA:17,0
DA:18,0
DA:21,0
DA:22,0
DA:23,0
DA:26,0
DA:27,0
DA:30,0
DA:32,0
DA:33,0
DA:36,0
DA:38,0
DA:40,0
DA:45,0
DA:46,0
DA:48,0
DA:49,0
DA:52,0
DA:54,0
DA:62,0
DA:64,0
DA:66,0
DA:68,0
DA:73,0
DA:74,0
DA:75,0
DA:76,0
DA:82,0
DA:83,0
DA:84,0
DA:93,0
DA:95,0
DA:96,0
DA:99,0
DA:100,0
DA:102,0
DA:107,0
DA:108,0
DA:121,0
DA:123,0
DA:128,0
DA:129,0
DA:131,0
DA:133,0
DA:138,0
DA:139,0
DA:141,0
DA:145,0
DA:147,0
DA:152,0
DA:153,0
DA:154,0
DA:156,0
DA:158,0
DA:163,0
DA:169,0
DA:170,0
DA:173,0
DA:175,0
DA:177,0
DA:188,0
DA:189,0
DA:191,0
DA:193,0
DA:194,0
DA:195,0
DA:196,0
DA:201,0
DA:202,0
DA:204,0
DA:205,0
DA:208,0
DA:210,0
DA:212,0
DA:217,0
DA:218,0
DA:219,0
DA:224,0
DA:226,0
DA:231,0
DA:232,0
DA:233,0
DA:234,0
DA:236,0
LF:97
LH:11
BRDA:17,0,0,0
BRDA:17,0,1,0
BRDA:17,1,0,0
BRDA:17,1,1,0
BRDA:22,2,0,0
BRDA:22,2,1,0
BRDA:26,3,0,0
BRDA:26,3,1,0
BRDA:32,4,0,0
BRDA:32,4,1,0
BRDA:48,5,0,0
BRDA:48,5,1,0
BRDA:48,6,0,0
BRDA:48,6,1,0
BRDA:48,6,2,0
BRDA:158,7,0,0
BRDA:158,7,1,0
BRDA:159,8,0,0
BRDA:159,8,1,0
BRDA:159,8,2,0
BRDA:169,9,0,0
BRDA:169,9,1,0
BRDA:169,10,0,0
BRDA:169,10,1,0
BRDA:169,10,2,0
BRDA:169,10,3,0
BRDA:169,10,4,0
BRDA:204,11,0,0
BRDA:204,11,1,0
BRDA:204,12,0,0
BRDA:204,12,1,0
BRF:31
BRH:0
end_of_record
TN:
SF:controllers\index.js
FN:7,(anonymous_0)
FNF:1
FNH:0
FNDA:0,(anonymous_0)
DA:1,1
DA:2,1
DA:3,1
DA:4,1
DA:6,1
DA:8,0
DA:9,0
DA:11,0
LF:8
LH:5
BRF:0
BRH:0
end_of_record
TN:
SF:helpers\Errors.js
FN:2,(anonymous_0)
FNF:1
FNH:1
FNDA:3,(anonymous_0)
DA:1,1
DA:3,3
DA:4,3
DA:5,3
DA:6,3
LF:5
LH:5
BRF:0
BRH:0
end_of_record
TN:
SF:helpers\Hash.js
FN:5,(anonymous_0)
FN:8,(anonymous_1)
FNF:2
FNH:2
FNDA:2,(anonymous_0)
FNDA:2,(anonymous_1)
DA:1,1
DA:2,1
DA:4,1
DA:6,2
DA:9,2
LF:5
LH:5
BRF:0
BRH:0
end_of_record
TN:
SF:helpers\Token.js
FN:9,(anonymous_0)
FN:12,(anonymous_1)
FNF:2
FNH:1
FNDA:1,(anonymous_0)
FNDA:0,(anonymous_1)
DA:1,1
DA:2,1
DA:5,1
DA:6,1
DA:8,1
DA:10,1
DA:13,0
LF:7
LH:6
BRDA:1,0,0,1
BRDA:1,0,1,0
BRF:2
BRH:1
end_of_record
TN:
SF:middlewares\authenticationStudents.js
FN:5,(anonymous_0)
FNF:1
FNH:0
FNDA:0,(anonymous_0)
DA:1,1
DA:2,1
DA:3,1
DA:5,1
DA:6,0
DA:7,0
DA:8,0
DA:9,0
DA:12,0
DA:14,0
DA:16,0
DA:17,0
DA:20,0
DA:22,0
DA:24,0
DA:26,0
LF:16
LH:4
BRDA:8,0,0,0
BRDA:8,0,1,0
BRDA:16,1,0,0
BRDA:16,1,1,0
BRDA:16,2,0,0
BRDA:16,2,1,0
BRF:6
BRH:0
end_of_record
TN:
SF:middlewares\authenticationTeachers.js
FN:5,(anonymous_0)
FNF:1
FNH:0
FNDA:0,(anonymous_0)
DA:1,1
DA:2,1
DA:3,1
DA:5,1
DA:6,0
DA:7,0
DA:9,0
DA:10,0
DA:12,0
DA:14,0
DA:16,0
DA:17,0
DA:20,0
DA:22,0
DA:24,0
LF:15
LH:4
BRDA:9,0,0,0
BRDA:9,0,1,0
BRDA:16,1,0,0
BRDA:16,1,1,0
BRDA:16,2,0,0
BRDA:16,2,1,0
BRF:6
BRH:0
end_of_record
TN:
SF:middlewares\errorHandler.js
FN:1,(anonymous_0)
FNF:1
FNH:1
FNDA:5,(anonymous_0)
DA:1,1
DA:3,5
DA:4,5
DA:5,3
DA:6,2
DA:7,2
DA:9,0
LF:7
LH:6
BRDA:4,0,0,3
BRDA:4,0,1,2
BRDA:6,1,0,2
BRDA:6,1,1,0
BRF:4
BRH:3
end_of_record
TN:
SF:middlewares\multer.js
FN:4,uploadFile
FN:16,(anonymous_1)
FN:19,(anonymous_2)
FNF:3
FNH:0
FNDA:0,uploadFile
FNDA:0,(anonymous_1)
FNDA:0,(anonymous_2)
DA:1,1
DA:2,1
DA:5,0
DA:11,0
DA:12,0
DA:15,1
DA:17,0
DA:21,0
DA:31,1
DA:42,1
LF:10
LH:5
BRF:0
BRH:0
end_of_record
TN:
SF:models\Assignment.js
FNF:0
FNH:0
DA:1,1
DA:3,1
DA:37,1
DA:39,1
LF:4
LH:4
BRF:0
BRH:0
end_of_record
TN:
SF:models\Class.js
FNF:0
FNH:0
DA:1,1
DA:3,1
DA:25,1
DA:27,1
LF:4
LH:4
BRF:0
BRH:0
end_of_record
TN:
SF:models\Question.js
FNF:0
FNH:0
DA:1,1
DA:3,1
DA:25,1
DA:27,1
LF:4
LH:4
BRF:0
BRH:0
end_of_record
TN:
SF:models\StudentAnswer.js
FNF:0
FNH:0
DA:1,1
DA:3,1
DA:35,1
DA:37,1
LF:4
LH:4
BRF:0
BRH:0
end_of_record
TN:
SF:models\User.js
FNF:0
FNH:0
DA:1,1
DA:2,1
DA:4,1
DA:40,1
DA:42,1
LF:5
LH:5
BRF:0
BRH:0
end_of_record
TN:
SF:routers\index.js
FNF:0
FNH:0
DA:1,1
DA:2,1
DA:3,1
DA:4,1
DA:6,1
DA:8,1
DA:9,1
DA:11,1
LF:8
LH:8
BRF:0
BRH:0
end_of_record
TN:
SF:routers\student.js
FNF:0
FNH:0
DA:1,1
DA:2,1
DA:3,1
DA:4,1
DA:6,1
DA:7,1
DA:8,1
DA:10,1
DA:11,1
DA:12,1
DA:13,1
DA:18,1
DA:19,1
DA:21,1
LF:14
LH:14
BRF:0
BRH:0
end_of_record
TN:
SF:routers\teacher.js
FNF:0
FNH:0
DA:1,1
DA:2,1
DA:4,1
DA:6,1
DA:7,1
DA:8,1
DA:12,1
DA:13,1
DA:14,1
DA:15,1
DA:16,1
DA:17,1
DA:18,1
DA:20,1
LF:14
LH:14
BRF:0
BRH:0
end_of_record
